\BOOKMARK [1][-]{section.1}{\376\377\000I\000n\000t\000r\000o\000d\000u\000c\000t\000i\000o\000n}{}% 1
\BOOKMARK [2][-]{subsection.1.1}{\376\377\000P\000r\000o\000j\000e\000c\000t\000\040\000B\000a\000c\000k\000g\000r\000o\000u\000n\000d}{section.1}% 2
\BOOKMARK [2][-]{subsection.1.2}{\376\377\000P\000r\000o\000b\000l\000e\000m\000\040\000S\000t\000a\000t\000e\000m\000e\000n\000t}{section.1}% 3
\BOOKMARK [2][-]{subsection.1.3}{\376\377\000O\000b\000j\000e\000c\000t\000i\000v\000e\000s\000\040\000o\000f\000\040\000t\000h\000e\000\040\000P\000r\000o\000j\000e\000c\000t}{section.1}% 4
\BOOKMARK [2][-]{subsection.1.4}{\376\377\000S\000c\000o\000p\000e\000\040\000o\000f\000\040\000t\000h\000e\000\040\000P\000r\000o\000j\000e\000c\000t}{section.1}% 5
\BOOKMARK [2][-]{subsection.1.5}{\376\377\000T\000h\000e\000s\000i\000s\000\040\000S\000t\000r\000u\000c\000t\000u\000r\000e}{section.1}% 6
\BOOKMARK [1][-]{section.2}{\376\377\000L\000i\000t\000e\000r\000a\000t\000u\000r\000e\000\040\000R\000e\000v\000i\000e\000w}{}% 7
\BOOKMARK [2][-]{subsection.2.1}{\376\377\000E\000x\000i\000s\000t\000i\000n\000g\000\040\000s\000o\000l\000u\000t\000i\000o\000n\000s}{section.2}% 8
\BOOKMARK [3][-]{subsubsection.2.1.1}{\376\377\000G\000r\000o\000u\000p\000\040\000C\000h\000a\000t\000-\000B\000a\000s\000e\000d\000\040\000S\000y\000s\000t\000e\000m\000s\000\040\000\050\000C\000u\000r\000r\000e\000n\000t\000\040\000S\000o\000l\000u\000t\000i\000o\000n\000\040\000a\000t\000\040\000V\000G\000U\000\051}{subsection.2.1}% 9
\BOOKMARK [3][-]{subsubsection.2.1.2}{\376\377\000E\000x\000i\000s\000t\000i\000n\000g\000\040\000U\000n\000i\000v\000e\000r\000s\000i\000t\000y\000\040\000a\000n\000d\000\040\000O\000p\000e\000n\000-\000s\000o\000u\000r\000c\000e\000\040\000T\000i\000c\000k\000e\000t\000i\000n\000g\000\040\000S\000y\000s\000t\000e\000m\000s}{subsection.2.1}% 10
\BOOKMARK [3][-]{subsubsection.2.1.3}{\376\377\000L\000i\000m\000i\000t\000a\000t\000i\000o\000n\000s\000\040\000o\000f\000\040\000E\000x\000i\000s\000t\000i\000n\000g\000\040\000S\000o\000l\000u\000t\000i\000o\000n\000s\000\040\000i\000n\000\040\000t\000h\000e\000\040\000U\000n\000i\000v\000e\000r\000s\000i\000t\000y\000\040\000C\000o\000n\000t\000e\000x\000t}{subsection.2.1}% 11
\BOOKMARK [2][-]{subsection.2.2}{\376\377\000T\000e\000c\000h\000n\000o\000l\000o\000g\000y\000\040\000R\000e\000v\000i\000e\000w}{section.2}% 12
\BOOKMARK [3][-]{subsubsection.2.2.1}{\376\377\000F\000r\000o\000n\000t\000e\000n\000d\000:\000\040\000R\000e\000a\000c\000t\000J\000S\000,\000\040\000M\000a\000t\000e\000r\000i\000a\000l\000\040\000U\000I\000,\000\040\000V\000i\000t\000e}{subsection.2.2}% 13
\BOOKMARK [3][-]{subsubsection.2.2.2}{\376\377\000B\000a\000c\000k\000e\000n\000d\000:\000\040\000N\000o\000d\000e\000J\000S\000,\000\040\000E\000x\000p\000r\000e\000s\000s\000J\000S\000,\000\040\000S\000o\000c\000k\000e\000t\000I\000O}{subsection.2.2}% 14
\BOOKMARK [3][-]{subsubsection.2.2.3}{\376\377\000A\000u\000t\000h\000e\000n\000t\000i\000c\000a\000t\000i\000o\000n\000:\000\040\000J\000W\000T\000,\000\040\000R\000e\000d\000i\000s}{subsection.2.2}% 15
\BOOKMARK [3][-]{subsubsection.2.2.4}{\376\377\000D\000a\000t\000a\000b\000a\000s\000e\000:\000\040\000P\000o\000s\000t\000g\000r\000e\000S\000Q\000L}{subsection.2.2}% 16
\BOOKMARK [3][-]{subsubsection.2.2.5}{\376\377\000R\000e\000s\000p\000o\000n\000s\000i\000v\000e\000\040\000W\000e\000b\000\040\000D\000e\000s\000i\000g\000n\000:\000\040\000T\000e\000c\000h\000n\000i\000q\000u\000e\000s\000\040\000a\000n\000d\000\040\000T\000o\000o\000l\000s}{subsection.2.2}% 17
\BOOKMARK [2][-]{subsection.2.3}{\376\377\000T\000h\000e\000o\000r\000e\000t\000i\000c\000a\000l\000\040\000B\000a\000c\000k\000g\000r\000o\000u\000n\000d}{section.2}% 18
\BOOKMARK [3][-]{subsubsection.2.3.1}{\376\377\000T\000i\000c\000k\000e\000t\000\040\000M\000a\000n\000a\000g\000e\000m\000e\000n\000t\000\040\000S\000y\000s\000t\000e\000m\000s}{subsection.2.3}% 19
\BOOKMARK [3][-]{subsubsection.2.3.2}{\376\377\000R\000e\000a\000l\000-\000T\000i\000m\000e\000\040\000C\000o\000m\000m\000u\000n\000i\000c\000a\000t\000i\000o\000n\000\040\000T\000o\000o\000l\000s}{subsection.2.3}% 20
\BOOKMARK [3][-]{subsubsection.2.3.3}{\376\377\000W\000e\000b\000\040\000A\000p\000p\000l\000i\000c\000a\000t\000i\000o\000n\000\040\000D\000e\000v\000e\000l\000o\000p\000m\000e\000n\000t\000\040\000B\000e\000s\000t\000\040\000P\000r\000a\000c\000t\000i\000c\000e\000s}{subsection.2.3}% 21
\BOOKMARK [2][-]{subsection.2.4}{\376\377\000G\000a\000p\000\040\000A\000n\000a\000l\000y\000s\000i\000s}{section.2}% 22
\BOOKMARK [3][-]{subsubsection.2.4.1}{\376\377\000W\000h\000a\000t\000\040\000i\000s\000\040\000M\000i\000s\000s\000i\000n\000g\000\040\000f\000r\000o\000m\000\040\000E\000x\000i\000s\000t\000i\000n\000g\000\040\000S\000o\000l\000u\000t\000i\000o\000n\000s}{subsection.2.4}% 23
\BOOKMARK [3][-]{subsubsection.2.4.2}{\376\377\000H\000o\000w\000\040\000t\000h\000e\000\040\000S\000t\000u\000d\000e\000n\000t\000\040\000L\000i\000f\000e\000\040\000S\000u\000p\000p\000o\000r\000t\000\040\000S\000e\000r\000v\000i\000c\000e\000\040\000F\000i\000l\000l\000s\000\040\000T\000h\000e\000s\000e\000\040\000G\000a\000p\000s}{subsection.2.4}% 24
\BOOKMARK [1][-]{section.3}{\376\377\000S\000y\000s\000t\000e\000m\000\040\000D\000e\000s\000i\000g\000n}{}% 25
\BOOKMARK [2][-]{subsection.3.1}{\376\377\000F\000u\000n\000c\000t\000i\000o\000n\000a\000l\000\040\000R\000e\000q\000u\000i\000r\000e\000m\000e\000n\000t\000s}{section.3}% 26
\BOOKMARK [2][-]{subsection.3.2}{\376\377\000N\000o\000n\000-\000F\000u\000n\000c\000t\000i\000o\000n\000a\000l\000\040\000R\000e\000q\000u\000i\000r\000e\000m\000e\000n\000t\000s}{section.3}% 27
\BOOKMARK [2][-]{subsection.3.3}{\376\377\000U\000s\000e\000\040\000C\000a\000s\000e\000\040\000D\000i\000a\000g\000r\000a\000m\000s}{section.3}% 28
\BOOKMARK [2][-]{subsection.3.4}{\376\377\000P\000r\000o\000c\000e\000s\000s\000\040\000W\000o\000r\000k\000f\000l\000o\000w\000\040\000D\000i\000a\000g\000r\000a\000m\000s}{section.3}% 29
\BOOKMARK [2][-]{subsection.3.5}{\376\377\000D\000a\000t\000a\000b\000a\000s\000e\000\040\000D\000e\000s\000i\000g\000n}{section.3}% 30
\BOOKMARK [3][-]{subsubsection.3.5.1}{\376\377\000E\000R\000\040\000D\000i\000a\000g\000r\000a\000m}{subsection.3.5}% 31
\BOOKMARK [3][-]{subsubsection.3.5.2}{\376\377\000U\000s\000e\000r\000\040\000E\000n\000t\000i\000t\000y}{subsection.3.5}% 32
\BOOKMARK [3][-]{subsubsection.3.5.3}{\376\377\000T\000i\000c\000k\000e\000t\000\040\000E\000n\000t\000i\000t\000y}{subsection.3.5}% 33
\BOOKMARK [3][-]{subsubsection.3.5.4}{\376\377\000U\000s\000e\000r\000\137\000T\000i\000c\000k\000e\000t\000\040\000R\000e\000l\000a\000t\000i\000o\000n\000s\000h\000i\000p}{subsection.3.5}% 34
\BOOKMARK [3][-]{subsubsection.3.5.5}{\376\377\000T\000i\000c\000k\000e\000t\000\137\000T\000y\000p\000e\000\040\000E\000n\000t\000i\000t\000y}{subsection.3.5}% 35
\BOOKMARK [3][-]{subsubsection.3.5.6}{\376\377\000T\000i\000c\000k\000e\000t\000\137\000S\000t\000a\000t\000u\000s\000\040\000E\000n\000t\000i\000t\000y}{subsection.3.5}% 36
\BOOKMARK [3][-]{subsubsection.3.5.7}{\376\377\000A\000u\000d\000i\000e\000n\000c\000e\000\137\000T\000y\000p\000e\000\040\000E\000n\000t\000i\000t\000y}{subsection.3.5}% 37
\BOOKMARK [3][-]{subsubsection.3.5.8}{\376\377\000A\000t\000t\000a\000c\000h\000m\000e\000n\000t\000\040\000E\000n\000t\000i\000t\000y}{subsection.3.5}% 38
\BOOKMARK [3][-]{subsubsection.3.5.9}{\376\377\000R\000a\000t\000i\000n\000g\000\040\000E\000n\000t\000i\000t\000y}{subsection.3.5}% 39
\BOOKMARK [3][-]{subsubsection.3.5.10}{\376\377\000F\000e\000e\000d\000b\000a\000c\000k\000\040\000E\000n\000t\000i\000t\000y}{subsection.3.5}% 40
\BOOKMARK [3][-]{subsubsection.3.5.11}{\376\377\000M\000e\000s\000s\000a\000g\000e\000\040\000E\000n\000t\000i\000t\000y}{subsection.3.5}% 41
\BOOKMARK [3][-]{subsubsection.3.5.12}{\376\377\000D\000o\000r\000m\000\040\000E\000n\000t\000i\000t\000y}{subsection.3.5}% 42
\BOOKMARK [3][-]{subsubsection.3.5.13}{\376\377\000A\000n\000n\000o\000u\000n\000c\000e\000m\000e\000n\000t\000\040\000E\000n\000t\000i\000t\000y}{subsection.3.5}% 43
\BOOKMARK [3][-]{subsubsection.3.5.14}{\376\377\000N\000o\000t\000i\000f\000i\000c\000a\000t\000i\000o\000n\000\040\000E\000n\000t\000i\000t\000y}{subsection.3.5}% 44
\BOOKMARK [3][-]{subsubsection.3.5.15}{\376\377\000R\000o\000l\000e\000\040\000E\000n\000t\000i\000t\000y}{subsection.3.5}% 45
\BOOKMARK [3][-]{subsubsection.3.5.16}{\376\377\000N\000o\000t\000i\000f\000i\000c\000a\000t\000i\000o\000n\000\137\000A\000u\000d\000i\000e\000n\000c\000e\000\040\000R\000e\000l\000a\000t\000i\000o\000n\000s\000h\000i\000p}{subsection.3.5}% 46
\BOOKMARK [3][-]{subsubsection.3.5.17}{\376\377\000L\000o\000g\000\040\000E\000n\000t\000i\000t\000y}{subsection.3.5}% 47
\BOOKMARK [3][-]{subsubsection.3.5.18}{\376\377\000E\000v\000e\000n\000t\000\137\000T\000y\000p\000e\000\040\000E\000n\000t\000i\000t\000y}{subsection.3.5}% 48
\BOOKMARK [2][-]{subsection.3.6}{\376\377\000S\000y\000s\000t\000e\000m\000\040\000A\000r\000c\000h\000i\000t\000e\000c\000t\000u\000r\000e}{section.3}% 49
\BOOKMARK [3][-]{subsubsection.3.6.1}{\376\377\000O\000v\000e\000r\000v\000i\000e\000w}{subsection.3.6}% 50
\BOOKMARK [3][-]{subsubsection.3.6.2}{\376\377\0003\000-\000T\000i\000e\000r\000\040\000A\000r\000c\000h\000i\000t\000e\000c\000t\000u\000r\000e\000\040\000I\000m\000p\000l\000e\000m\000e\000n\000t\000a\000t\000i\000o\000n}{subsection.3.6}% 51
\BOOKMARK [2][-]{subsection.3.7}{\376\377\000A\000P\000I\000\040\000D\000e\000s\000i\000g\000n}{section.3}% 52
\BOOKMARK [3][-]{subsubsection.3.7.1}{\376\377\000A\000u\000t\000h\000e\000n\000t\000i\000c\000a\000t\000i\000o\000n\000/\000A\000u\000t\000h\000o\000r\000i\000z\000a\000t\000i\000o\000n\000\040\000A\000P\000I}{subsection.3.7}% 53
\BOOKMARK [3][-]{subsubsection.3.7.2}{\376\377\000U\000s\000e\000r\000\040\000A\000P\000I}{subsection.3.7}% 54
\BOOKMARK [3][-]{subsubsection.3.7.3}{\376\377\000T\000i\000c\000k\000e\000t\000\040\000A\000P\000I}{subsection.3.7}% 55
\BOOKMARK [3][-]{subsubsection.3.7.4}{\376\377\000D\000o\000r\000m\000i\000t\000o\000r\000y\000\040\000A\000P\000I}{subsection.3.7}% 56
\BOOKMARK [2][-]{subsection.3.8}{\376\377\000U\000I\000/\000U\000X\000\040\000D\000e\000s\000i\000g\000n}{section.3}% 57
\BOOKMARK [1][-]{section.4}{\376\377\000S\000y\000s\000t\000e\000m\000\040\000I\000m\000p\000l\000e\000m\000e\000n\000t\000a\000t\000i\000o\000n}{}% 58
\BOOKMARK [1][-]{section.5}{\376\377\000U\000s\000e\000r\000\040\000M\000a\000n\000u\000a\000l}{}% 59
\BOOKMARK [2][-]{subsection.5.1}{\376\377\000S\000i\000g\000n\000\040\000i\000n}{section.5}% 60
\BOOKMARK [2][-]{subsection.5.2}{\376\377\000F\000o\000r\000g\000o\000t\000\040\000p\000a\000s\000s\000w\000o\000r\000d}{section.5}% 61
\BOOKMARK [2][-]{subsection.5.3}{\376\377\000S\000t\000u\000d\000e\000n\000t\000'\000s\000\040\000f\000u\000n\000c\000t\000i\000o\000n\000s}{section.5}% 62
\BOOKMARK [3][-]{subsubsection.5.3.1}{\376\377\000V\000i\000e\000w\000\040\000P\000r\000o\000f\000i\000l\000e}{subsection.5.3}% 63
\BOOKMARK [3][-]{subsubsection.5.3.2}{\376\377\000V\000i\000e\000w\000\040\000T\000i\000c\000k\000e\000t\000s}{subsection.5.3}% 64
\BOOKMARK [3][-]{subsubsection.5.3.3}{\376\377\000C\000r\000e\000a\000t\000e\000\040\000T\000i\000c\000k\000e\000t\000s}{subsection.5.3}% 65
\BOOKMARK [3][-]{subsubsection.5.3.4}{\376\377\000R\000a\000t\000e\000\040\000T\000i\000c\000k\000e\000t\000s}{subsection.5.3}% 66
\BOOKMARK [3][-]{subsubsection.5.3.5}{\376\377\000M\000e\000s\000s\000a\000g\000e}{subsection.5.3}% 67
\BOOKMARK [3][-]{subsubsection.5.3.6}{\376\377\000N\000e\000w\000s\000f\000e\000e\000d}{subsection.5.3}% 68
\BOOKMARK [3][-]{subsubsection.5.3.7}{\376\377\000N\000o\000t\000i\000f\000i\000c\000a\000t\000i\000o\000n}{subsection.5.3}% 69
\BOOKMARK [3][-]{subsubsection.5.3.8}{\376\377\000A\000n\000n\000o\000u\000n\000c\000e\000m\000e\000n\000t}{subsection.5.3}% 70
\BOOKMARK [3][-]{subsubsection.5.3.9}{\376\377\000S\000e\000t\000t\000i\000n\000g\000s}{subsection.5.3}% 71
\BOOKMARK [3][-]{subsubsection.5.3.10}{\376\377\000F\000e\000e\000d\000b\000a\000c\000k}{subsection.5.3}% 72
\BOOKMARK [2][-]{subsection.5.4}{\376\377\000S\000t\000a\000f\000f\000'\000s\000\040\000f\000u\000n\000c\000t\000i\000o\000n\000s}{section.5}% 73
\BOOKMARK [3][-]{subsubsection.5.4.1}{\376\377\000A\000v\000a\000i\000l\000a\000b\000l\000e\000\040\000T\000i\000c\000k\000e\000t\000s}{subsection.5.4}% 74
\BOOKMARK [3][-]{subsubsection.5.4.2}{\376\377\000T\000i\000c\000k\000e\000t\000s\000\040\000H\000a\000n\000d\000l\000i\000n\000g}{subsection.5.4}% 75
\BOOKMARK [3][-]{subsubsection.5.4.3}{\376\377\000T\000i\000c\000k\000e\000t\000s\000\040\000H\000i\000s\000t\000o\000r\000y}{subsection.5.4}% 76
\BOOKMARK [3][-]{subsubsection.5.4.4}{\376\377\000M\000e\000s\000s\000a\000g\000e}{subsection.5.4}% 77
\BOOKMARK [3][-]{subsubsection.5.4.5}{\376\377\000N\000o\000t\000i\000f\000i\000c\000a\000t\000i\000o\000n}{subsection.5.4}% 78
\BOOKMARK [3][-]{subsubsection.5.4.6}{\376\377\000A\000n\000n\000o\000u\000n\000c\000e\000m\000e\000n\000t}{subsection.5.4}% 79
\BOOKMARK [2][-]{subsection.5.5}{\376\377\000A\000d\000m\000i\000n\000'\000s\000\040\000f\000u\000n\000c\000t\000i\000o\000n\000s}{section.5}% 80
\BOOKMARK [3][-]{subsubsection.5.5.1}{\376\377\000T\000i\000c\000k\000e\000t\000s\000\040\000M\000a\000n\000a\000g\000e\000m\000e\000n\000t}{subsection.5.5}% 81
\BOOKMARK [3][-]{subsubsection.5.5.2}{\376\377\000U\000s\000e\000r\000s\000\040\000M\000a\000n\000a\000g\000e\000m\000e\000n\000t}{subsection.5.5}% 82
\BOOKMARK [3][-]{subsubsection.5.5.3}{\376\377\000D\000o\000r\000m\000i\000t\000o\000r\000y\000\040\000M\000a\000n\000a\000g\000e\000m\000e\000n\000t}{subsection.5.5}% 83
\BOOKMARK [3][-]{subsubsection.5.5.4}{\376\377\000L\000o\000g\000s\000\040\000M\000a\000n\000a\000g\000e\000m\000e\000n\000t}{subsection.5.5}% 84
\BOOKMARK [3][-]{subsubsection.5.5.5}{\376\377\000F\000e\000e\000d\000b\000a\000c\000k\000\040\000M\000a\000n\000a\000g\000e\000m\000e\000n\000t}{subsection.5.5}% 85
\BOOKMARK [3][-]{subsubsection.5.5.6}{\376\377\000R\000e\000p\000o\000r\000t}{subsection.5.5}% 86
\BOOKMARK [1][-]{section.6}{\376\377\000C\000o\000n\000c\000l\000u\000s\000i\000o\000n\000\040\000a\000n\000d\000\040\000F\000u\000t\000u\000r\000e\000\040\000W\000o\000r\000k}{}% 87
