This is pdfTeX, Version 3.141592653-2.6-1.40.26 (TeX Live 2024) (preloaded format=pdflatex 2024.4.28)  30 SEP 2024 13:51
entering extended mode
 \write18 enabled.
 %&-line parsing enabled.
**report.tex
(./report.tex
LaTeX2e <2023-11-01> patch level 1
L3 programming layer <2024-02-20>
(./tuna-report.cls
Document Class: tuna-report 
(c:/texlive/2024/texmf-dist/tex/latex/base/article.cls
Document Class: article 2023/05/17 v1.4n Standard LaTeX document class
(c:/texlive/2024/texmf-dist/tex/latex/base/size12.clo
File: size12.clo 2023/05/17 v1.4n Standard LaTeX file (size option)
)
\c@part=\count188
\c@section=\count189
\c@subsection=\count190
\c@subsubsection=\count191
\c@paragraph=\count192
\c@subparagraph=\count193
\c@figure=\count194
\c@table=\count195
\abovecaptionskip=\skip48
\belowcaptionskip=\skip49
\bibindent=\dimen140
)
(c:/texlive/2024/texmf-dist/tex/latex/vntex/vntex.sty
Package: vntex 2009/07/12 v1.1 support for Vietnamese

(c:/texlive/2024/texmf-dist/tex/latex/base/ifthen.sty
Package: ifthen 2022/04/13 v1.1d Standard LaTeX ifthen package (DPC)
)
(c:/texlive/2024/texmf-dist/tex/latex/base/fontenc.sty
Package: fontenc 2021/04/29 v2.0v Standard LaTeX package

(c:/texlive/2024/texmf-dist/tex/latex/vntex/t5enc.def
File: t5enc.def 2006/11/21 v1.4 Vietnamese T5 encoding
Now handling font encoding T5 ...
... processing UTF-8 mapping file for font encoding T5

(c:/texlive/2024/texmf-dist/tex/latex/vntex/t5enc.dfu
File: t5enc.dfu 2006/08/19 v1.1 UTF8 support for Vietnamese
   defining Unicode char U+00AB (decimal 171)
   defining Unicode char U+00BB (decimal 187)
   defining Unicode char U+00C0 (decimal 192)
   defining Unicode char U+00C1 (decimal 193)
   defining Unicode char U+00C2 (decimal 194)
   defining Unicode char U+00C3 (decimal 195)
   defining Unicode char U+00C8 (decimal 200)
   defining Unicode char U+00C9 (decimal 201)
   defining Unicode char U+00CA (decimal 202)
   defining Unicode char U+00CC (decimal 204)
   defining Unicode char U+00CD (decimal 205)
   defining Unicode char U+00D2 (decimal 210)
   defining Unicode char U+00D3 (decimal 211)
   defining Unicode char U+00D4 (decimal 212)
   defining Unicode char U+00D5 (decimal 213)
   defining Unicode char U+00D9 (decimal 217)
   defining Unicode char U+00DA (decimal 218)
   defining Unicode char U+00DD (decimal 221)
   defining Unicode char U+00E0 (decimal 224)
   defining Unicode char U+00E1 (decimal 225)
   defining Unicode char U+00E2 (decimal 226)
   defining Unicode char U+00E3 (decimal 227)
   defining Unicode char U+00E8 (decimal 232)
   defining Unicode char U+00E9 (decimal 233)
   defining Unicode char U+00EA (decimal 234)
   defining Unicode char U+00EC (decimal 236)
   defining Unicode char U+00ED (decimal 237)
   defining Unicode char U+00F2 (decimal 242)
   defining Unicode char U+00F3 (decimal 243)
   defining Unicode char U+00F4 (decimal 244)
   defining Unicode char U+00F5 (decimal 245)
   defining Unicode char U+00F9 (decimal 249)
   defining Unicode char U+00FA (decimal 250)
   defining Unicode char U+00FD (decimal 253)
   defining Unicode char U+0102 (decimal 258)
   defining Unicode char U+0103 (decimal 259)
   defining Unicode char U+0110 (decimal 272)
   defining Unicode char U+0111 (decimal 273)
   defining Unicode char U+0128 (decimal 296)
   defining Unicode char U+0129 (decimal 297)
   defining Unicode char U+0131 (decimal 305)
   defining Unicode char U+0168 (decimal 360)
   defining Unicode char U+0169 (decimal 361)
   defining Unicode char U+01A0 (decimal 416)
   defining Unicode char U+01A1 (decimal 417)
   defining Unicode char U+01AF (decimal 431)
   defining Unicode char U+01B0 (decimal 432)
   defining Unicode char U+1EA0 (decimal 7840)
   defining Unicode char U+1EA1 (decimal 7841)
   defining Unicode char U+1EA2 (decimal 7842)
   defining Unicode char U+1EA3 (decimal 7843)
   defining Unicode char U+1EA4 (decimal 7844)
   defining Unicode char U+1EA5 (decimal 7845)
   defining Unicode char U+1EA6 (decimal 7846)
   defining Unicode char U+1EA7 (decimal 7847)
   defining Unicode char U+1EA8 (decimal 7848)
   defining Unicode char U+1EA9 (decimal 7849)
   defining Unicode char U+1EAA (decimal 7850)
   defining Unicode char U+1EAB (decimal 7851)
   defining Unicode char U+1EAC (decimal 7852)
   defining Unicode char U+1EAD (decimal 7853)
   defining Unicode char U+1EAE (decimal 7854)
   defining Unicode char U+1EAF (decimal 7855)
   defining Unicode char U+1EB0 (decimal 7856)
   defining Unicode char U+1EB1 (decimal 7857)
   defining Unicode char U+1EB2 (decimal 7858)
   defining Unicode char U+1EB3 (decimal 7859)
   defining Unicode char U+1EB4 (decimal 7860)
   defining Unicode char U+1EB5 (decimal 7861)
   defining Unicode char U+1EB6 (decimal 7862)
   defining Unicode char U+1EB7 (decimal 7863)
   defining Unicode char U+1EB8 (decimal 7864)
   defining Unicode char U+1EB9 (decimal 7865)
   defining Unicode char U+1EBA (decimal 7866)
   defining Unicode char U+1EBB (decimal 7867)
   defining Unicode char U+1EBC (decimal 7868)
   defining Unicode char U+1EBD (decimal 7869)
   defining Unicode char U+1EBE (decimal 7870)
   defining Unicode char U+1EBF (decimal 7871)
   defining Unicode char U+1EC0 (decimal 7872)
   defining Unicode char U+1EC1 (decimal 7873)
   defining Unicode char U+1EC2 (decimal 7874)
   defining Unicode char U+1EC3 (decimal 7875)
   defining Unicode char U+1EC4 (decimal 7876)
   defining Unicode char U+1EC5 (decimal 7877)
   defining Unicode char U+1EC6 (decimal 7878)
   defining Unicode char U+1EC7 (decimal 7879)
   defining Unicode char U+1EC8 (decimal 7880)
   defining Unicode char U+1EC9 (decimal 7881)
   defining Unicode char U+1ECA (decimal 7882)
   defining Unicode char U+1ECB (decimal 7883)
   defining Unicode char U+1ECC (decimal 7884)
   defining Unicode char U+1ECD (decimal 7885)
   defining Unicode char U+1ECE (decimal 7886)
   defining Unicode char U+1ECF (decimal 7887)
   defining Unicode char U+1ED0 (decimal 7888)
   defining Unicode char U+1ED1 (decimal 7889)
   defining Unicode char U+1ED2 (decimal 7890)
   defining Unicode char U+1ED3 (decimal 7891)
   defining Unicode char U+1ED4 (decimal 7892)
   defining Unicode char U+1ED5 (decimal 7893)
   defining Unicode char U+1ED6 (decimal 7894)
   defining Unicode char U+1ED7 (decimal 7895)
   defining Unicode char U+1ED8 (decimal 7896)
   defining Unicode char U+1ED9 (decimal 7897)
   defining Unicode char U+1EDA (decimal 7898)
   defining Unicode char U+1EDB (decimal 7899)
   defining Unicode char U+1EDC (decimal 7900)
   defining Unicode char U+1EDD (decimal 7901)
   defining Unicode char U+1EDE (decimal 7902)
   defining Unicode char U+1EDF (decimal 7903)
   defining Unicode char U+1EE0 (decimal 7904)
   defining Unicode char U+1EE1 (decimal 7905)
   defining Unicode char U+1EE2 (decimal 7906)
   defining Unicode char U+1EE3 (decimal 7907)
   defining Unicode char U+1EE4 (decimal 7908)
   defining Unicode char U+1EE5 (decimal 7909)
   defining Unicode char U+1EE6 (decimal 7910)
   defining Unicode char U+1EE7 (decimal 7911)
   defining Unicode char U+1EE8 (decimal 7912)
   defining Unicode char U+1EE9 (decimal 7913)
   defining Unicode char U+1EEA (decimal 7914)
   defining Unicode char U+1EEB (decimal 7915)
   defining Unicode char U+1EEC (decimal 7916)
   defining Unicode char U+1EED (decimal 7917)
   defining Unicode char U+1EEE (decimal 7918)
   defining Unicode char U+1EEF (decimal 7919)
   defining Unicode char U+1EF0 (decimal 7920)
   defining Unicode char U+1EF1 (decimal 7921)
   defining Unicode char U+1EF2 (decimal 7922)
   defining Unicode char U+1EF3 (decimal 7923)
   defining Unicode char U+1EF4 (decimal 7924)
   defining Unicode char U+1EF5 (decimal 7925)
   defining Unicode char U+1EF6 (decimal 7926)
   defining Unicode char U+1EF7 (decimal 7927)
   defining Unicode char U+1EF8 (decimal 7928)
   defining Unicode char U+1EF9 (decimal 7929)
   defining Unicode char U+200C (decimal 8204)
   defining Unicode char U+2013 (decimal 8211)
   defining Unicode char U+2014 (decimal 8212)
   defining Unicode char U+2018 (decimal 8216)
   defining Unicode char U+2019 (decimal 8217)
   defining Unicode char U+201A (decimal 8218)
   defining Unicode char U+201C (decimal 8220)
   defining Unicode char U+201D (decimal 8221)
   defining Unicode char U+201E (decimal 8222)
   defining Unicode char U+2030 (decimal 8240)
   defining Unicode char U+2031 (decimal 8241)
   defining Unicode char U+2039 (decimal 8249)
   defining Unicode char U+203A (decimal 8250)
   defining Unicode char U+2423 (decimal 9251)
))
LaTeX Font Info:    Trying to load font information for T5+cmr on input line 11
2.

(c:/texlive/2024/texmf-dist/tex/latex/vntex/t5cmr.fd
File: t5cmr.fd 1999/05/25 v2.5h Standard LaTeX font definitions
))
(c:/texlive/2024/texmf-dist/tex/latex/base/inputenc.sty
Package: inputenc 2021/02/14 v1.3d Input encoding file
\inpenc@prehook=\toks17
\inpenc@posthook=\toks18
)
(c:/texlive/2024/texmf-dist/tex/latex/vntex/vncaps.tex
File: vncaps.tex 2006/06/07 v1.1 Captions in Vietnamese
))
(c:/texlive/2024/texmf-dist/tex/latex/anyfontsize/anyfontsize.sty
Package: anyfontsize 2007/11/22 anyfontsize.sty by pts
)
(c:/texlive/2024/texmf-dist/tex/latex/amsmath/amsmath.sty
Package: amsmath 2023/05/13 v2.17o AMS math features
\@mathmargin=\skip50

For additional information on amsmath, use the `?' option.
(c:/texlive/2024/texmf-dist/tex/latex/amsmath/amstext.sty
Package: amstext 2021/08/26 v2.01 AMS text

(c:/texlive/2024/texmf-dist/tex/latex/amsmath/amsgen.sty
File: amsgen.sty 1999/11/30 v2.0 generic functions
\@emptytoks=\toks19
\ex@=\dimen141
))
(c:/texlive/2024/texmf-dist/tex/latex/amsmath/amsbsy.sty
Package: amsbsy 1999/11/29 v1.2d Bold Symbols
\pmbraise@=\dimen142
)
(c:/texlive/2024/texmf-dist/tex/latex/amsmath/amsopn.sty
Package: amsopn 2022/04/08 v2.04 operator names
)
\inf@bad=\count196
LaTeX Info: Redefining \frac on input line 234.
\uproot@=\count197
\leftroot@=\count198
LaTeX Info: Redefining \overline on input line 399.
LaTeX Info: Redefining \colon on input line 410.
\classnum@=\count199
\DOTSCASE@=\count266
LaTeX Info: Redefining \ldots on input line 496.
LaTeX Info: Redefining \dots on input line 499.
LaTeX Info: Redefining \cdots on input line 620.
\Mathstrutbox@=\box51
\strutbox@=\box52
LaTeX Info: Redefining \big on input line 722.
LaTeX Info: Redefining \Big on input line 723.
LaTeX Info: Redefining \bigg on input line 724.
LaTeX Info: Redefining \Bigg on input line 725.
\big@size=\dimen143
LaTeX Font Info:    Redeclaring font encoding OML on input line 743.
LaTeX Font Info:    Redeclaring font encoding OMS on input line 744.
\macc@depth=\count267
LaTeX Info: Redefining \bmod on input line 905.
LaTeX Info: Redefining \pmod on input line 910.
LaTeX Info: Redefining \smash on input line 940.
LaTeX Info: Redefining \relbar on input line 970.
LaTeX Info: Redefining \Relbar on input line 971.
\c@MaxMatrixCols=\count268
\dotsspace@=\muskip16
\c@parentequation=\count269
\dspbrk@lvl=\count270
\tag@help=\toks20
\row@=\count271
\column@=\count272
\maxfields@=\count273
\andhelp@=\toks21
\eqnshift@=\dimen144
\alignsep@=\dimen145
\tagshift@=\dimen146
\tagwidth@=\dimen147
\totwidth@=\dimen148
\lineht@=\dimen149
\@envbody=\toks22
\multlinegap=\skip51
\multlinetaggap=\skip52
\mathdisplay@stack=\toks23
LaTeX Info: Redefining \[ on input line 2953.
LaTeX Info: Redefining \] on input line 2954.
)
(c:/texlive/2024/texmf-dist/tex/latex/amsfonts/amssymb.sty
Package: amssymb 2013/01/14 v3.01 AMS font symbols

(c:/texlive/2024/texmf-dist/tex/latex/amsfonts/amsfonts.sty
Package: amsfonts 2013/01/14 v3.01 Basic AMSFonts support
\symAMSa=\mathgroup4
\symAMSb=\mathgroup5
LaTeX Font Info:    Redeclaring math symbol \hbar on input line 98.
LaTeX Font Info:    Overwriting math alphabet `\mathfrak' in version `bold'
(Font)                  U/euf/m/n --> U/euf/b/n on input line 106.
))
(c:/texlive/2024/texmf-dist/tex/latex/base/fontenc.sty
Package: fontenc 2021/04/29 v2.0v Standard LaTeX package
)
(c:/texlive/2024/texmf-dist/tex/latex/geometry/geometry.sty
Package: geometry 2020/01/02 v5.9 Page Geometry

(c:/texlive/2024/texmf-dist/tex/latex/graphics/keyval.sty
Package: keyval 2022/05/29 v1.15 key=value parser (DPC)
\KV@toks@=\toks24
)
(c:/texlive/2024/texmf-dist/tex/generic/iftex/ifvtex.sty
Package: ifvtex 2019/10/25 v1.7 ifvtex legacy package. Use iftex instead.

(c:/texlive/2024/texmf-dist/tex/generic/iftex/iftex.sty
Package: iftex 2022/02/03 v1.0f TeX engine tests
))
\Gm@cnth=\count274
\Gm@cntv=\count275
\c@Gm@tempcnt=\count276
\Gm@bindingoffset=\dimen150
\Gm@wd@mp=\dimen151
\Gm@odd@mp=\dimen152
\Gm@even@mp=\dimen153
\Gm@layoutwidth=\dimen154
\Gm@layoutheight=\dimen155
\Gm@layouthoffset=\dimen156
\Gm@layoutvoffset=\dimen157
\Gm@dimlist=\toks25
)
(c:/texlive/2024/texmf-dist/tex/latex/graphics/graphicx.sty
Package: graphicx 2021/09/16 v1.2d Enhanced LaTeX Graphics (DPC,SPQR)

(c:/texlive/2024/texmf-dist/tex/latex/graphics/graphics.sty
Package: graphics 2022/03/10 v1.4e Standard LaTeX Graphics (DPC,SPQR)

(c:/texlive/2024/texmf-dist/tex/latex/graphics/trig.sty
Package: trig 2021/08/11 v1.11 sin cos tan (DPC)
)
(c:/texlive/2024/texmf-dist/tex/latex/graphics-cfg/graphics.cfg
File: graphics.cfg 2016/06/04 v1.11 sample graphics configuration
)
Package graphics Info: Driver file: pdftex.def on input line 107.

(c:/texlive/2024/texmf-dist/tex/latex/graphics-def/pdftex.def
File: pdftex.def 2022/09/22 v1.2b Graphics/color driver for pdftex
))
\Gin@req@height=\dimen158
\Gin@req@width=\dimen159
)
(c:/texlive/2024/texmf-dist/tex/latex/tools/indentfirst.sty
Package: indentfirst 2023/07/02 v1.03 Indent first paragraph (DPC)
)
(c:/texlive/2024/texmf-dist/tex/latex/setspace/setspace.sty
Package: setspace 2022/12/04 v6.7b set line spacing
)
(c:/texlive/2024/texmf-dist/tex/latex/booktabs/booktabs.sty
Package: booktabs 2020/01/12 v1.61803398 Publication quality tables
\heavyrulewidth=\dimen160
\lightrulewidth=\dimen161
\cmidrulewidth=\dimen162
\belowrulesep=\dimen163
\belowbottomsep=\dimen164
\aboverulesep=\dimen165
\abovetopsep=\dimen166
\cmidrulesep=\dimen167
\cmidrulekern=\dimen168
\defaultaddspace=\dimen169
\@cmidla=\count277
\@cmidlb=\count278
\@aboverulesep=\dimen170
\@belowrulesep=\dimen171
\@thisruleclass=\count279
\@lastruleclass=\count280
\@thisrulewidth=\dimen172
)
(c:/texlive/2024/texmf-dist/tex/latex/fancyhdr/fancyhdr.sty
Package: fancyhdr 2022/11/09 v4.1 Extensive control of page headers and footers

\f@nch@headwidth=\skip53
\f@nch@O@elh=\skip54
\f@nch@O@erh=\skip55
\f@nch@O@olh=\skip56
\f@nch@O@orh=\skip57
\f@nch@O@elf=\skip58
\f@nch@O@erf=\skip59
\f@nch@O@olf=\skip60
\f@nch@O@orf=\skip61
)
(c:/texlive/2024/texmf-dist/tex/latex/lastpage/lastpage.sty
Package: lastpage 2023/10/14 v2.0e lastpage: 2.09 or 2e? (HMM)

(c:/texlive/2024/texmf-dist/tex/latex/lastpage/lastpage2e.sty
Package: lastpage2e 2023/10/14 v2.0e Decide which 2e lastpage version to use (H
MM)

(c:/texlive/2024/texmf-dist/tex/latex/lastpage/lastpagemodern.sty
Package: lastpagemodern 2023-10-14 v2.0e Refers to last page's name (HMM; JPG)
\c@lastpagecount=\count281
) 
)) (c:/texlive/2024/texmf-dist/tex/latex/hyperref/hyperref.sty
Package: hyperref 2024-01-20 v7.01h Hypertext links for LaTeX

(c:/texlive/2024/texmf-dist/tex/latex/kvsetkeys/kvsetkeys.sty
Package: kvsetkeys 2022-10-05 v1.19 Key value parser (HO)
)
(c:/texlive/2024/texmf-dist/tex/generic/kvdefinekeys/kvdefinekeys.sty
Package: kvdefinekeys 2019-12-19 v1.6 Define keys (HO)
)
(c:/texlive/2024/texmf-dist/tex/generic/pdfescape/pdfescape.sty
Package: pdfescape 2019/12/09 v1.15 Implements pdfTeX's escape features (HO)

(c:/texlive/2024/texmf-dist/tex/generic/ltxcmds/ltxcmds.sty
Package: ltxcmds 2023-12-04 v1.26 LaTeX kernel commands for general use (HO)
)
(c:/texlive/2024/texmf-dist/tex/generic/pdftexcmds/pdftexcmds.sty
Package: pdftexcmds 2020-06-27 v0.33 Utility functions of pdfTeX for LuaTeX (HO
)

(c:/texlive/2024/texmf-dist/tex/generic/infwarerr/infwarerr.sty
Package: infwarerr 2019/12/03 v1.5 Providing info/warning/error messages (HO)
)
Package pdftexcmds Info: \pdf@primitive is available.
Package pdftexcmds Info: \pdf@ifprimitive is available.
Package pdftexcmds Info: \pdfdraftmode found.
))
(c:/texlive/2024/texmf-dist/tex/latex/hycolor/hycolor.sty
Package: hycolor 2020-01-27 v1.10 Color options for hyperref/bookmark (HO)
)
(c:/texlive/2024/texmf-dist/tex/latex/auxhook/auxhook.sty
Package: auxhook 2019-12-17 v1.6 Hooks for auxiliary files (HO)
)
(c:/texlive/2024/texmf-dist/tex/latex/hyperref/nameref.sty
Package: nameref 2023-11-26 v2.56 Cross-referencing by name of section

(c:/texlive/2024/texmf-dist/tex/latex/refcount/refcount.sty
Package: refcount 2019/12/15 v3.6 Data extraction from label references (HO)
)
(c:/texlive/2024/texmf-dist/tex/generic/gettitlestring/gettitlestring.sty
Package: gettitlestring 2019/12/15 v1.6 Cleanup title references (HO)

(c:/texlive/2024/texmf-dist/tex/latex/kvoptions/kvoptions.sty
Package: kvoptions 2022-06-15 v3.15 Key value format for package options (HO)
))
\c@section@level=\count282
)
(c:/texlive/2024/texmf-dist/tex/latex/etoolbox/etoolbox.sty
Package: etoolbox 2020/10/05 v2.5k e-TeX tools for LaTeX (JAW)
\etb@tempcnta=\count283
)
\@linkdim=\dimen173
\Hy@linkcounter=\count284
\Hy@pagecounter=\count285

(c:/texlive/2024/texmf-dist/tex/latex/hyperref/pd1enc.def
File: pd1enc.def 2024-01-20 v7.01h Hyperref: PDFDocEncoding definition (HO)
Now handling font encoding PD1 ...
... no UTF-8 mapping file for font encoding PD1
)
(c:/texlive/2024/texmf-dist/tex/generic/intcalc/intcalc.sty
Package: intcalc 2019/12/15 v1.3 Expandable calculations with integers (HO)
)
\Hy@SavedSpaceFactor=\count286

(c:/texlive/2024/texmf-dist/tex/latex/hyperref/puenc.def
File: puenc.def 2024-01-20 v7.01h Hyperref: PDF Unicode definition (HO)
Now handling font encoding PU ...
... no UTF-8 mapping file for font encoding PU
)
Package hyperref Info: Hyper figures OFF on input line 4179.
Package hyperref Info: Link nesting OFF on input line 4184.
Package hyperref Info: Hyper index ON on input line 4187.
Package hyperref Info: Plain pages OFF on input line 4194.
Package hyperref Info: Backreferencing OFF on input line 4199.
Package hyperref Info: Implicit mode ON; LaTeX internals redefined.
Package hyperref Info: Bookmarks ON on input line 4446.
\c@Hy@tempcnt=\count287

(c:/texlive/2024/texmf-dist/tex/latex/url/url.sty
\Urlmuskip=\muskip17
Package: url 2013/09/16  ver 3.4  Verb mode for urls, etc.
)
LaTeX Info: Redefining \url on input line 4784.
\XeTeXLinkMargin=\dimen174

(c:/texlive/2024/texmf-dist/tex/generic/bitset/bitset.sty
Package: bitset 2019/12/09 v1.3 Handle bit-vector datatype (HO)

(c:/texlive/2024/texmf-dist/tex/generic/bigintcalc/bigintcalc.sty
Package: bigintcalc 2019/12/15 v1.5 Expandable calculations on big integers (HO
)
))
\Fld@menulength=\count288
\Field@Width=\dimen175
\Fld@charsize=\dimen176
Package hyperref Info: Hyper figures OFF on input line 6063.
Package hyperref Info: Link nesting OFF on input line 6068.
Package hyperref Info: Hyper index ON on input line 6071.
Package hyperref Info: backreferencing OFF on input line 6078.
Package hyperref Info: Link coloring OFF on input line 6083.
Package hyperref Info: Link coloring with OCG OFF on input line 6088.
Package hyperref Info: PDF/A mode OFF on input line 6093.

(c:/texlive/2024/texmf-dist/tex/latex/base/atbegshi-ltx.sty
Package: atbegshi-ltx 2021/01/10 v1.0c Emulation of the original atbegshi
package with kernel methods
)
\Hy@abspage=\count289
\c@Item=\count290
\c@Hfootnote=\count291
)
Package hyperref Info: Driver (autodetected): hpdftex.

(c:/texlive/2024/texmf-dist/tex/latex/hyperref/hpdftex.def
File: hpdftex.def 2024-01-20 v7.01h Hyperref driver for pdfTeX

(c:/texlive/2024/texmf-dist/tex/latex/base/atveryend-ltx.sty
Package: atveryend-ltx 2020/08/19 v1.0a Emulation of the original atveryend pac
kage
with kernel methods
)
\Fld@listcount=\count292
\c@bookmark@seq@number=\count293

(c:/texlive/2024/texmf-dist/tex/latex/rerunfilecheck/rerunfilecheck.sty
Package: rerunfilecheck 2022-07-10 v1.10 Rerun checks for auxiliary files (HO)

(c:/texlive/2024/texmf-dist/tex/generic/uniquecounter/uniquecounter.sty
Package: uniquecounter 2019/12/15 v1.4 Provide unlimited unique counter (HO)
)
Package uniquecounter Info: New unique counter `rerunfilecheck' on input line 2
85.
)
\Hy@SectionHShift=\skip62
)
(c:/texlive/2024/texmf-dist/tex/latex/natbib/natbib.sty
Package: natbib 2010/09/13 8.31b (PWD, AO)
\bibhang=\skip63
\bibsep=\skip64
LaTeX Info: Redefining \cite on input line 694.
\c@NAT@ctr=\count294
)
(c:/texlive/2024/texmf-dist/tex/latex/cleveref/cleveref.sty
Package: cleveref 2018/03/27 v0.21.4 Intelligent cross-referencing
Package cleveref Info: `hyperref' support loaded on input line 2370.
LaTeX Info: Redefining \cref on input line 2370.
LaTeX Info: Redefining \Cref on input line 2370.
LaTeX Info: Redefining \crefrange on input line 2370.
LaTeX Info: Redefining \Crefrange on input line 2370.
LaTeX Info: Redefining \cpageref on input line 2370.
LaTeX Info: Redefining \Cpageref on input line 2370.
LaTeX Info: Redefining \cpagerefrange on input line 2370.
LaTeX Info: Redefining \Cpagerefrange on input line 2370.
LaTeX Info: Redefining \labelcref on input line 2370.
LaTeX Info: Redefining \labelcpageref on input line 2370.
Package cleveref Info: include cross-reference names in hyperlinks on input lin
e 7836.
Package cleveref Info: include cross-reference names in hyperlinks on input lin
e 7852.
)
(c:/texlive/2024/texmf-dist/tex/generic/babel/babel.sty
Package: babel 2024/02/07 v24.2 The Babel package
\babel@savecnt=\count295
\U@D=\dimen177
\l@unhyphenated=\language89

(c:/texlive/2024/texmf-dist/tex/generic/babel/txtbabel.def)
\bbl@readstream=\read2
\bbl@dirlevel=\count296

(c:/texlive/2024/texmf-dist/tex/generic/babel-english/english.ldf
Language: english 2017/06/06 v3.3r English support from the babel system
))
(c:/texlive/2024/texmf-dist/tex/generic/babel/locale/en/babel-english.tex
Package babel Info: Importing font and identification data for english
(babel)             from babel-en.ini. Reported on input line 11.
)
(c:/texlive/2024/texmf-dist/tex/latex/xcolor/xcolor.sty
Package: xcolor 2023/11/15 v3.01 LaTeX color extensions (UK)

(c:/texlive/2024/texmf-dist/tex/latex/graphics-cfg/color.cfg
File: color.cfg 2016/01/02 v1.6 sample color configuration
)
Package xcolor Info: Driver file: pdftex.def on input line 274.

(c:/texlive/2024/texmf-dist/tex/latex/graphics/mathcolor.ltx)
Package xcolor Info: Model `cmy' substituted by `cmy0' on input line 1350.
Package xcolor Info: Model `hsb' substituted by `rgb' on input line 1354.
Package xcolor Info: Model `RGB' extended on input line 1366.
Package xcolor Info: Model `HTML' substituted by `rgb' on input line 1368.
Package xcolor Info: Model `Hsb' substituted by `hsb' on input line 1369.
Package xcolor Info: Model `tHsb' substituted by `hsb' on input line 1370.
Package xcolor Info: Model `HSB' substituted by `hsb' on input line 1371.
Package xcolor Info: Model `Gray' substituted by `gray' on input line 1372.
Package xcolor Info: Model `wave' substituted by `hsb' on input line 1373.
)
(c:/texlive/2024/texmf-dist/tex/latex/graphics/dvipsnam.def
File: dvipsnam.def 2016/06/17 v3.0m Driver-dependent file (DPC,SPQR)
)
(c:/texlive/2024/texmf-dist/tex/latex/colortbl/colortbl.sty
Package: colortbl 2024/02/20 v1.0g Color table columns (DPC)

(c:/texlive/2024/texmf-dist/tex/latex/tools/array.sty
Package: array 2023/10/16 v2.5g Tabular extension package (FMi)
\col@sep=\dimen178
\ar@mcellbox=\box53
\extrarowheight=\dimen179
\NC@list=\toks26
\extratabsurround=\skip65
\backup@length=\skip66
\ar@cellbox=\box54
)
\everycr=\toks27
\minrowclearance=\skip67
\rownum=\count297
)) (./codespace.sty
Package: codespace 

(c:/texlive/2024/texmf-dist/tex/latex/pgf/frontendlayer/tikz.sty
(c:/texlive/2024/texmf-dist/tex/latex/pgf/basiclayer/pgf.sty
(c:/texlive/2024/texmf-dist/tex/latex/pgf/utilities/pgfrcs.sty
(c:/texlive/2024/texmf-dist/tex/generic/pgf/utilities/pgfutil-common.tex
\pgfutil@everybye=\toks28
\pgfutil@tempdima=\dimen180
\pgfutil@tempdimb=\dimen181
)
(c:/texlive/2024/texmf-dist/tex/generic/pgf/utilities/pgfutil-latex.def
\pgfutil@abb=\box55
)
(c:/texlive/2024/texmf-dist/tex/generic/pgf/utilities/pgfrcs.code.tex
(c:/texlive/2024/texmf-dist/tex/generic/pgf/pgf.revision.tex)
Package: pgfrcs 2023-01-15 v3.1.10 (3.1.10)
))
Package: pgf 2023-01-15 v3.1.10 (3.1.10)

(c:/texlive/2024/texmf-dist/tex/latex/pgf/basiclayer/pgfcore.sty
(c:/texlive/2024/texmf-dist/tex/latex/pgf/systemlayer/pgfsys.sty
(c:/texlive/2024/texmf-dist/tex/generic/pgf/systemlayer/pgfsys.code.tex
Package: pgfsys 2023-01-15 v3.1.10 (3.1.10)

(c:/texlive/2024/texmf-dist/tex/generic/pgf/utilities/pgfkeys.code.tex
\pgfkeys@pathtoks=\toks29
\pgfkeys@temptoks=\toks30

(c:/texlive/2024/texmf-dist/tex/generic/pgf/utilities/pgfkeyslibraryfiltered.co
de.tex
\pgfkeys@tmptoks=\toks31
))
\pgf@x=\dimen182
\pgf@y=\dimen183
\pgf@xa=\dimen184
\pgf@ya=\dimen185
\pgf@xb=\dimen186
\pgf@yb=\dimen187
\pgf@xc=\dimen188
\pgf@yc=\dimen189
\pgf@xd=\dimen190
\pgf@yd=\dimen191
\w@pgf@writea=\write3
\r@pgf@reada=\read3
\c@pgf@counta=\count298
\c@pgf@countb=\count299
\c@pgf@countc=\count300
\c@pgf@countd=\count301
\t@pgf@toka=\toks32
\t@pgf@tokb=\toks33
\t@pgf@tokc=\toks34
\pgf@sys@id@count=\count302
 (c:/texlive/2024/texmf-dist/tex/generic/pgf/systemlayer/pgf.cfg
File: pgf.cfg 2023-01-15 v3.1.10 (3.1.10)
)
Driver file for pgf: pgfsys-pdftex.def

(c:/texlive/2024/texmf-dist/tex/generic/pgf/systemlayer/pgfsys-pdftex.def
File: pgfsys-pdftex.def 2023-01-15 v3.1.10 (3.1.10)

(c:/texlive/2024/texmf-dist/tex/generic/pgf/systemlayer/pgfsys-common-pdf.def
File: pgfsys-common-pdf.def 2023-01-15 v3.1.10 (3.1.10)
)))
(c:/texlive/2024/texmf-dist/tex/generic/pgf/systemlayer/pgfsyssoftpath.code.tex
File: pgfsyssoftpath.code.tex 2023-01-15 v3.1.10 (3.1.10)
\pgfsyssoftpath@smallbuffer@items=\count303
\pgfsyssoftpath@bigbuffer@items=\count304
)
(c:/texlive/2024/texmf-dist/tex/generic/pgf/systemlayer/pgfsysprotocol.code.tex
File: pgfsysprotocol.code.tex 2023-01-15 v3.1.10 (3.1.10)
)) (c:/texlive/2024/texmf-dist/tex/generic/pgf/basiclayer/pgfcore.code.tex
Package: pgfcore 2023-01-15 v3.1.10 (3.1.10)

(c:/texlive/2024/texmf-dist/tex/generic/pgf/math/pgfmath.code.tex
(c:/texlive/2024/texmf-dist/tex/generic/pgf/math/pgfmathutil.code.tex)
(c:/texlive/2024/texmf-dist/tex/generic/pgf/math/pgfmathparser.code.tex
\pgfmath@dimen=\dimen192
\pgfmath@count=\count305
\pgfmath@box=\box56
\pgfmath@toks=\toks35
\pgfmath@stack@operand=\toks36
\pgfmath@stack@operation=\toks37
)
(c:/texlive/2024/texmf-dist/tex/generic/pgf/math/pgfmathfunctions.code.tex)
(c:/texlive/2024/texmf-dist/tex/generic/pgf/math/pgfmathfunctions.basic.code.te
x)
(c:/texlive/2024/texmf-dist/tex/generic/pgf/math/pgfmathfunctions.trigonometric
.code.tex)
(c:/texlive/2024/texmf-dist/tex/generic/pgf/math/pgfmathfunctions.random.code.t
ex)
(c:/texlive/2024/texmf-dist/tex/generic/pgf/math/pgfmathfunctions.comparison.co
de.tex)
(c:/texlive/2024/texmf-dist/tex/generic/pgf/math/pgfmathfunctions.base.code.tex
)
(c:/texlive/2024/texmf-dist/tex/generic/pgf/math/pgfmathfunctions.round.code.te
x)
(c:/texlive/2024/texmf-dist/tex/generic/pgf/math/pgfmathfunctions.misc.code.tex
)
(c:/texlive/2024/texmf-dist/tex/generic/pgf/math/pgfmathfunctions.integerarithm
etics.code.tex)
(c:/texlive/2024/texmf-dist/tex/generic/pgf/math/pgfmathcalc.code.tex)
(c:/texlive/2024/texmf-dist/tex/generic/pgf/math/pgfmathfloat.code.tex
\c@pgfmathroundto@lastzeros=\count306
))
(c:/texlive/2024/texmf-dist/tex/generic/pgf/math/pgfint.code.tex)
(c:/texlive/2024/texmf-dist/tex/generic/pgf/basiclayer/pgfcorepoints.code.tex
File: pgfcorepoints.code.tex 2023-01-15 v3.1.10 (3.1.10)
\pgf@picminx=\dimen193
\pgf@picmaxx=\dimen194
\pgf@picminy=\dimen195
\pgf@picmaxy=\dimen196
\pgf@pathminx=\dimen197
\pgf@pathmaxx=\dimen198
\pgf@pathminy=\dimen199
\pgf@pathmaxy=\dimen256
\pgf@xx=\dimen257
\pgf@xy=\dimen258
\pgf@yx=\dimen259
\pgf@yy=\dimen260
\pgf@zx=\dimen261
\pgf@zy=\dimen262
)
(c:/texlive/2024/texmf-dist/tex/generic/pgf/basiclayer/pgfcorepathconstruct.cod
e.tex
File: pgfcorepathconstruct.code.tex 2023-01-15 v3.1.10 (3.1.10)
\pgf@path@lastx=\dimen263
\pgf@path@lasty=\dimen264
)
(c:/texlive/2024/texmf-dist/tex/generic/pgf/basiclayer/pgfcorepathusage.code.te
x
File: pgfcorepathusage.code.tex 2023-01-15 v3.1.10 (3.1.10)
\pgf@shorten@end@additional=\dimen265
\pgf@shorten@start@additional=\dimen266
)
(c:/texlive/2024/texmf-dist/tex/generic/pgf/basiclayer/pgfcorescopes.code.tex
File: pgfcorescopes.code.tex 2023-01-15 v3.1.10 (3.1.10)
\pgfpic=\box57
\pgf@hbox=\box58
\pgf@layerbox@main=\box59
\pgf@picture@serial@count=\count307
)
(c:/texlive/2024/texmf-dist/tex/generic/pgf/basiclayer/pgfcoregraphicstate.code
.tex
File: pgfcoregraphicstate.code.tex 2023-01-15 v3.1.10 (3.1.10)
\pgflinewidth=\dimen267
)
(c:/texlive/2024/texmf-dist/tex/generic/pgf/basiclayer/pgfcoretransformations.c
ode.tex
File: pgfcoretransformations.code.tex 2023-01-15 v3.1.10 (3.1.10)
\pgf@pt@x=\dimen268
\pgf@pt@y=\dimen269
\pgf@pt@temp=\dimen270
)
(c:/texlive/2024/texmf-dist/tex/generic/pgf/basiclayer/pgfcorequick.code.tex
File: pgfcorequick.code.tex 2023-01-15 v3.1.10 (3.1.10)
)
(c:/texlive/2024/texmf-dist/tex/generic/pgf/basiclayer/pgfcoreobjects.code.tex
File: pgfcoreobjects.code.tex 2023-01-15 v3.1.10 (3.1.10)
)
(c:/texlive/2024/texmf-dist/tex/generic/pgf/basiclayer/pgfcorepathprocessing.co
de.tex
File: pgfcorepathprocessing.code.tex 2023-01-15 v3.1.10 (3.1.10)
)
(c:/texlive/2024/texmf-dist/tex/generic/pgf/basiclayer/pgfcorearrows.code.tex
File: pgfcorearrows.code.tex 2023-01-15 v3.1.10 (3.1.10)
\pgfarrowsep=\dimen271
)
(c:/texlive/2024/texmf-dist/tex/generic/pgf/basiclayer/pgfcoreshade.code.tex
File: pgfcoreshade.code.tex 2023-01-15 v3.1.10 (3.1.10)
\pgf@max=\dimen272
\pgf@sys@shading@range@num=\count308
\pgf@shadingcount=\count309
)
(c:/texlive/2024/texmf-dist/tex/generic/pgf/basiclayer/pgfcoreimage.code.tex
File: pgfcoreimage.code.tex 2023-01-15 v3.1.10 (3.1.10)
)
(c:/texlive/2024/texmf-dist/tex/generic/pgf/basiclayer/pgfcoreexternal.code.tex
File: pgfcoreexternal.code.tex 2023-01-15 v3.1.10 (3.1.10)
\pgfexternal@startupbox=\box60
) (c:/texlive/2024/texmf-dist/tex/generic/pgf/basiclayer/pgfcorelayers.code.tex
File: pgfcorelayers.code.tex 2023-01-15 v3.1.10 (3.1.10)
)
(c:/texlive/2024/texmf-dist/tex/generic/pgf/basiclayer/pgfcoretransparency.code
.tex
File: pgfcoretransparency.code.tex 2023-01-15 v3.1.10 (3.1.10)
)
(c:/texlive/2024/texmf-dist/tex/generic/pgf/basiclayer/pgfcorepatterns.code.tex
File: pgfcorepatterns.code.tex 2023-01-15 v3.1.10 (3.1.10)
) (c:/texlive/2024/texmf-dist/tex/generic/pgf/basiclayer/pgfcorerdf.code.tex
File: pgfcorerdf.code.tex 2023-01-15 v3.1.10 (3.1.10)
))) (c:/texlive/2024/texmf-dist/tex/generic/pgf/modules/pgfmoduleshapes.code.te
x
File: pgfmoduleshapes.code.tex 2023-01-15 v3.1.10 (3.1.10)
\pgfnodeparttextbox=\box61
)
(c:/texlive/2024/texmf-dist/tex/generic/pgf/modules/pgfmoduleplot.code.tex
File: pgfmoduleplot.code.tex 2023-01-15 v3.1.10 (3.1.10)
)
(c:/texlive/2024/texmf-dist/tex/latex/pgf/compatibility/pgfcomp-version-0-65.st
y
Package: pgfcomp-version-0-65 2023-01-15 v3.1.10 (3.1.10)
\pgf@nodesepstart=\dimen273
\pgf@nodesepend=\dimen274
)
(c:/texlive/2024/texmf-dist/tex/latex/pgf/compatibility/pgfcomp-version-1-18.st
y
Package: pgfcomp-version-1-18 2023-01-15 v3.1.10 (3.1.10)
)) (c:/texlive/2024/texmf-dist/tex/latex/pgf/utilities/pgffor.sty
(c:/texlive/2024/texmf-dist/tex/latex/pgf/utilities/pgfkeys.sty
(c:/texlive/2024/texmf-dist/tex/generic/pgf/utilities/pgfkeys.code.tex))
(c:/texlive/2024/texmf-dist/tex/latex/pgf/math/pgfmath.sty
(c:/texlive/2024/texmf-dist/tex/generic/pgf/math/pgfmath.code.tex))
(c:/texlive/2024/texmf-dist/tex/generic/pgf/utilities/pgffor.code.tex
Package: pgffor 2023-01-15 v3.1.10 (3.1.10)
\pgffor@iter=\dimen275
\pgffor@skip=\dimen276
\pgffor@stack=\toks38
\pgffor@toks=\toks39
))
(c:/texlive/2024/texmf-dist/tex/generic/pgf/frontendlayer/tikz/tikz.code.tex
Package: tikz 2023-01-15 v3.1.10 (3.1.10)

(c:/texlive/2024/texmf-dist/tex/generic/pgf/libraries/pgflibraryplothandlers.co
de.tex
File: pgflibraryplothandlers.code.tex 2023-01-15 v3.1.10 (3.1.10)
\pgf@plot@mark@count=\count310
\pgfplotmarksize=\dimen277
)
\tikz@lastx=\dimen278
\tikz@lasty=\dimen279
\tikz@lastxsaved=\dimen280
\tikz@lastysaved=\dimen281
\tikz@lastmovetox=\dimen282
\tikz@lastmovetoy=\dimen283
\tikzleveldistance=\dimen284
\tikzsiblingdistance=\dimen285
\tikz@figbox=\box62
\tikz@figbox@bg=\box63
\tikz@tempbox=\box64
\tikz@tempbox@bg=\box65
\tikztreelevel=\count311
\tikznumberofchildren=\count312
\tikznumberofcurrentchild=\count313
\tikz@fig@count=\count314

(c:/texlive/2024/texmf-dist/tex/generic/pgf/modules/pgfmodulematrix.code.tex
File: pgfmodulematrix.code.tex 2023-01-15 v3.1.10 (3.1.10)
\pgfmatrixcurrentrow=\count315
\pgfmatrixcurrentcolumn=\count316
\pgf@matrix@numberofcolumns=\count317
)
\tikz@expandcount=\count318

(c:/texlive/2024/texmf-dist/tex/generic/pgf/frontendlayer/tikz/libraries/tikzli
brarytopaths.code.tex
File: tikzlibrarytopaths.code.tex 2023-01-15 v3.1.10 (3.1.10)
)))
(c:/texlive/2024/texmf-dist/tex/latex/mdframed/mdframed.sty
Package: mdframed 2013/07/01 1.9b: mdframed

(c:/texlive/2024/texmf-dist/tex/latex/l3packages/xparse/xparse.sty
(c:/texlive/2024/texmf-dist/tex/latex/l3kernel/expl3.sty
Package: expl3 2024-02-20 L3 programming layer (loader) 

(c:/texlive/2024/texmf-dist/tex/latex/l3backend/l3backend-pdftex.def
File: l3backend-pdftex.def 2024-02-20 L3 backend support: PDF output (pdfTeX)
\l__color_backend_stack_int=\count319
\l__pdf_internal_box=\box66
))
Package: xparse 2024-02-18 L3 Experimental document command parser
)
(c:/texlive/2024/texmf-dist/tex/latex/zref/zref-abspage.sty
Package: zref-abspage 2023-09-14 v2.35 Module abspage for zref (HO)

(c:/texlive/2024/texmf-dist/tex/latex/zref/zref-base.sty
Package: zref-base 2023-09-14 v2.35 Module base for zref (HO)

(c:/texlive/2024/texmf-dist/tex/generic/etexcmds/etexcmds.sty
Package: etexcmds 2019/12/15 v1.7 Avoid name clashes with e-TeX commands (HO)
)
Package zref Info: New property list: main on input line 767.
Package zref Info: New property: default on input line 768.
Package zref Info: New property: page on input line 769.
)
\c@abspage=\count320
Package zref Info: New property: abspage on input line 67.
)
(c:/texlive/2024/texmf-dist/tex/latex/needspace/needspace.sty
Package: needspace 2010/09/12 v1.3d reserve vertical space
)
\mdf@templength=\skip68
\c@mdf@globalstyle@cnt=\count321
\mdf@skipabove@length=\skip69
\mdf@skipbelow@length=\skip70
\mdf@leftmargin@length=\skip71
\mdf@rightmargin@length=\skip72
\mdf@innerleftmargin@length=\skip73
\mdf@innerrightmargin@length=\skip74
\mdf@innertopmargin@length=\skip75
\mdf@innerbottommargin@length=\skip76
\mdf@splittopskip@length=\skip77
\mdf@splitbottomskip@length=\skip78
\mdf@outermargin@length=\skip79
\mdf@innermargin@length=\skip80
\mdf@linewidth@length=\skip81
\mdf@innerlinewidth@length=\skip82
\mdf@middlelinewidth@length=\skip83
\mdf@outerlinewidth@length=\skip84
\mdf@roundcorner@length=\skip85
\mdf@footenotedistance@length=\skip86
\mdf@userdefinedwidth@length=\skip87
\mdf@needspace@length=\skip88
\mdf@frametitleaboveskip@length=\skip89
\mdf@frametitlebelowskip@length=\skip90
\mdf@frametitlerulewidth@length=\skip91
\mdf@frametitleleftmargin@length=\skip92
\mdf@frametitlerightmargin@length=\skip93
\mdf@shadowsize@length=\skip94
\mdf@extratopheight@length=\skip95
\mdf@subtitleabovelinewidth@length=\skip96
\mdf@subtitlebelowlinewidth@length=\skip97
\mdf@subtitleaboveskip@length=\skip98
\mdf@subtitlebelowskip@length=\skip99
\mdf@subtitleinneraboveskip@length=\skip100
\mdf@subtitleinnerbelowskip@length=\skip101
\mdf@subsubtitleabovelinewidth@length=\skip102
\mdf@subsubtitlebelowlinewidth@length=\skip103
\mdf@subsubtitleaboveskip@length=\skip104
\mdf@subsubtitlebelowskip@length=\skip105
\mdf@subsubtitleinneraboveskip@length=\skip106
\mdf@subsubtitleinnerbelowskip@length=\skip107

(c:/texlive/2024/texmf-dist/tex/latex/mdframed/md-frame-1.mdf
File: md-frame-1.mdf 2013/07/01\ 1.9b: md-frame-1
)
\mdf@frametitlebox=\box67
\mdf@footnotebox=\box68
\mdf@splitbox@one=\box69
\mdf@splitbox@two=\box70
\mdf@splitbox@save=\box71
\mdfsplitboxwidth=\skip108
\mdfsplitboxtotalwidth=\skip109
\mdfsplitboxheight=\skip110
\mdfsplitboxdepth=\skip111
\mdfsplitboxtotalheight=\skip112
\mdfframetitleboxwidth=\skip113
\mdfframetitleboxtotalwidth=\skip114
\mdfframetitleboxheight=\skip115
\mdfframetitleboxdepth=\skip116
\mdfframetitleboxtotalheight=\skip117
\mdffootnoteboxwidth=\skip118
\mdffootnoteboxtotalwidth=\skip119
\mdffootnoteboxheight=\skip120
\mdffootnoteboxdepth=\skip121
\mdffootnoteboxtotalheight=\skip122
\mdftotallinewidth=\skip123
\mdfboundingboxwidth=\skip124
\mdfboundingboxtotalwidth=\skip125
\mdfboundingboxheight=\skip126
\mdfboundingboxdepth=\skip127
\mdfboundingboxtotalheight=\skip128
\mdf@freevspace@length=\skip129
\mdf@horizontalwidthofbox@length=\skip130
\mdf@verticalmarginwhole@length=\skip131
\mdf@horizontalspaceofbox=\skip132
\mdfsubtitleheight=\skip133
\mdfsubsubtitleheight=\skip134
\c@mdfcountframes=\count322

****** mdframed patching \endmdf@trivlist

****** -- success******

\mdf@envdepth=\count323
\c@mdf@env@i=\count324
\c@mdf@env@ii=\count325
\c@mdf@zref@counter=\count326
Package zref Info: New property: mdf@pagevalue on input line 895.
)
(c:/texlive/2024/texmf-dist/tex/latex/minted/minted.sty
Package: minted 2023/12/18 v2.9 Yet another Pygments shim for LaTeX

(c:/texlive/2024/texmf-dist/tex/latex/fvextra/fvextra.sty
Package: fvextra 2023/11/28 v1.6.1 fvextra - extensions and patches for fancyvr
b

(c:/texlive/2024/texmf-dist/tex/latex/fancyvrb/fancyvrb.sty
Package: fancyvrb 2024/01/20 4.5c verbatim text (tvz,hv)
\FV@CodeLineNo=\count327
\FV@InFile=\read4
\FV@TabBox=\box72
\c@FancyVerbLine=\count328
\FV@StepNumber=\count329
\FV@OutFile=\write4
)
(c:/texlive/2024/texmf-dist/tex/latex/upquote/upquote.sty
Package: upquote 2012/04/19 v1.3 upright-quote and grave-accent glyphs in verba
tim

(c:/texlive/2024/texmf-dist/tex/latex/base/textcomp.sty
Package: textcomp 2020/02/02 v2.0n Standard LaTeX package
))
(c:/texlive/2024/texmf-dist/tex/latex/lineno/lineno.sty
Package: lineno 2023/05/20 line numbers on paragraphs v5.3
\linenopenalty=\count330
\output=\toks40
\linenoprevgraf=\count331
\linenumbersep=\dimen286
\linenumberwidth=\dimen287
\c@linenumber=\count332
\c@pagewiselinenumber=\count333
\c@LN@truepage=\count334
\c@internallinenumber=\count335
\c@internallinenumbers=\count336
\quotelinenumbersep=\dimen288
\bframerule=\dimen289
\bframesep=\dimen290
\bframebox=\box73
\linenoamsmath@ams@eqpen=\count337
LaTeX Info: Redefining \\ on input line 3180.
)
\c@FancyVerbWriteLine=\count338
\c@FancyVerbBufferIndex=\count339
\c@FancyVerbBufferLength=\count340
\c@FancyVerbBufferLine=\count341
\c@FV@oldbufferlength=\count342
\c@FV@TrueTabGroupLevel=\count343
\c@FV@TrueTabCounter=\count344
\FV@TabBox@Group=\box74
\FV@TmpLength=\skip135
\c@FV@HighlightLinesStart=\count345
\c@FV@HighlightLinesStop=\count346
\FV@LoopCount=\count347
\FV@NCharsBox=\box75
\FV@BreakIndent=\dimen291
\FV@BreakIndentNChars=\count348
\FV@BreakSymbolSepLeft=\dimen292
\FV@BreakSymbolSepLeftNChars=\count349
\FV@BreakSymbolSepRight=\dimen293
\FV@BreakSymbolSepRightNChars=\count350
\FV@BreakSymbolIndentLeft=\dimen294
\FV@BreakSymbolIndentLeftNChars=\count351
\FV@BreakSymbolIndentRight=\dimen295
\FV@BreakSymbolIndentRightNChars=\count352
\c@FancyVerbLineBreakLast=\count353
\FV@LineBox=\box76
\FV@LineIndentBox=\box77
\c@FV@BreakBufferDepth=\count354
\FV@LineWidth=\dimen296
)
(c:/texlive/2024/texmf-dist/tex/latex/tools/shellesc.sty
Package: shellesc 2023/07/08 v1.0d unified shell escape interface for LaTeX
Package shellesc Info: Unrestricted shell escape enabled on input line 75.
)
(c:/texlive/2024/texmf-dist/tex/latex/ifplatform/ifplatform.sty
Package: ifplatform 2017/10/13 v0.4a Testing for the operating system

(c:/texlive/2024/texmf-dist/tex/generic/catchfile/catchfile.sty
Package: catchfile 2019/12/09 v1.8 Catch the contents of a file (HO)
)
(c:/texlive/2024/texmf-dist/tex/generic/iftex/ifluatex.sty
Package: ifluatex 2019/10/25 v1.5 ifluatex legacy package. Use iftex instead.
))
(c:/texlive/2024/texmf-dist/tex/generic/xstring/xstring.sty
(c:/texlive/2024/texmf-dist/tex/generic/xstring/xstring.tex
\xs_counta=\count355
\xs_countb=\count356
)
Package: xstring 2023/08/22 v1.86 String manipulations (CT)
)
(c:/texlive/2024/texmf-dist/tex/latex/framed/framed.sty
Package: framed 2011/10/22 v 0.96: framed or shaded text with page breaks
\OuterFrameSep=\skip136
\fb@frw=\dimen297
\fb@frh=\dimen298
\FrameRule=\dimen299
\FrameSep=\dimen300
)
(c:/texlive/2024/texmf-dist/tex/latex/float/float.sty
Package: float 2001/11/08 v1.3d Float enhancements (AL)
\c@float@type=\count357
\float@exts=\toks41
\float@box=\box78
\@float@everytoks=\toks42
\@floatcapt=\box79
)
\minted@appexistsfile=\read5
\minted@bgbox=\box80
\minted@code=\write5
\c@minted@FancyVerbLineTemp=\count358
\c@minted@pygmentizecounter=\count359
\@float@every@listing=\toks43
\c@listing=\count360
)
runsystem(if not exist _minted-report mkdir _minted-report)...executed.


(c:/texlive/2024/texmf-dist/tex/latex/tools/verbatim.sty
Package: verbatim 2023-11-06 v1.5v LaTeX2e package for verbatim enhancements
\every@verbatim=\toks44
\verbatim@line=\toks45
\verbatim@in@stream=\read6
)
(c:/texlive/2024/texmf-dist/tex/latex/algorithm2e/algorithm2e.sty
Package: algorithm2e 2017/07/18 v5.2 algorithms environments
\c@AlgoLine=\count361
\algocf@hangindent=\skip137

(c:/texlive/2024/texmf-dist/tex/latex/ifoddpage/ifoddpage.sty
Package: ifoddpage 2022/10/18 v1.2 Conditionals for odd/even page detection
\c@checkoddpage=\count362
)
(c:/texlive/2024/texmf-dist/tex/latex/tools/xspace.sty
Package: xspace 2014/10/28 v1.13 Space after command names (DPC,MH)
)
(c:/texlive/2024/texmf-dist/tex/latex/relsize/relsize.sty
Package: relsize 2013/03/29 ver 4.1
)
\skiptotal=\skip138
\skiplinenumber=\skip139
\skiprule=\skip140
\skiphlne=\skip141
\skiptext=\skip142
\skiplength=\skip143
\algomargin=\skip144
\skipalgocfslide=\skip145
\algowidth=\dimen301
\inoutsize=\dimen302
\inoutindent=\dimen303
\interspacetitleruled=\dimen304
\interspacealgoruled=\dimen305
\interspacetitleboxruled=\dimen306
\algocf@ruledwidth=\skip146
\algocf@inoutbox=\box81
\algocf@inputbox=\box82
\AlCapSkip=\skip147
\AlCapHSkip=\skip148
\algoskipindent=\skip149
\algocf@nlbox=\box83
\algocf@hangingbox=\box84
\algocf@untilbox=\box85
\algocf@skipuntil=\skip150
\algocf@capbox=\box86
\algocf@lcaptionbox=\skip151
\algoheightruledefault=\skip152
\algoheightrule=\skip153
\algotitleheightruledefault=\skip154
\algotitleheightrule=\skip155
\c@algocfline=\count363
\c@algocfproc=\count364
\c@algocf=\count365
\algocf@algoframe=\box87
\algocf@algobox=\box88
))
(c:/texlive/2024/texmf-dist/tex/latex/caption/caption.sty
Package: caption 2023/08/05 v3.6o Customizing captions (AR)

(c:/texlive/2024/texmf-dist/tex/latex/caption/caption3.sty
Package: caption3 2023/07/31 v2.4d caption3 kernel (AR)
\caption@tempdima=\dimen307
\captionmargin=\dimen308
\caption@leftmargin=\dimen309
\caption@rightmargin=\dimen310
\caption@width=\dimen311
\caption@indent=\dimen312
\caption@parindent=\dimen313
\caption@hangindent=\dimen314
Package caption Info: Standard document class detected.
)
\c@caption@flags=\count366
\c@continuedfloat=\count367
Package caption Info: float package is loaded.
Package caption Info: hyperref package is loaded.
)
(c:/texlive/2024/texmf-dist/tex/latex/caption/subcaption.sty
Package: subcaption 2023/07/28 v1.6b Sub-captions (AR)
Package caption Info: New subtype `subfigure' on input line 238.
\c@subfigure=\count368
Package caption Info: New subtype `subtable' on input line 238.
\c@subtable=\count369
)
(c:/texlive/2024/texmf-dist/tex/latex/wrapfig/wrapfig.sty
\wrapoverhang=\dimen315
\WF@size=\dimen316
\c@WF@wrappedlines=\count370
\WF@box=\box89
\WF@everypar=\toks46
Package: wrapfig 2003/01/31  v 3.6
)
(c:/texlive/2024/texmf-dist/tex/generic/nth/nth.sty
Package: nth 2002/02/27
)
(c:/texlive/2024/texmf-dist/tex/latex/tools/longtable.sty
Package: longtable 2023-11-01 v4.19 Multi-page Table package (DPC)
\LTleft=\skip156
\LTright=\skip157
\LTpre=\skip158
\LTpost=\skip159
\LTchunksize=\count371
\LTcapwidth=\dimen317
\LT@head=\box90
\LT@firsthead=\box91
\LT@foot=\box92
\LT@lastfoot=\box93
\LT@gbox=\box94
\LT@cols=\count372
\LT@rows=\count373
\c@LT@tables=\count374
\c@LT@chunks=\count375
\LT@p@ftn=\toks47
)
(c:/texlive/2024/texmf-dist/tex/latex/listings/listings.sty
\lst@mode=\count376
\lst@gtempboxa=\box95
\lst@token=\toks48
\lst@length=\count377
\lst@currlwidth=\dimen318
\lst@column=\count378
\lst@pos=\count379
\lst@lostspace=\dimen319
\lst@width=\dimen320
\lst@newlines=\count380
\lst@lineno=\count381
\lst@maxwidth=\dimen321

(c:/texlive/2024/texmf-dist/tex/latex/listings/lstpatch.sty
File: lstpatch.sty 2024/02/21 1.10 (Carsten Heinz)
)
(c:/texlive/2024/texmf-dist/tex/latex/listings/lstmisc.sty
File: lstmisc.sty 2024/02/21 1.10 (Carsten Heinz)
\c@lstnumber=\count382
\lst@skipnumbers=\count383
\lst@framebox=\box96
)
(c:/texlive/2024/texmf-dist/tex/latex/listings/listings.cfg
File: listings.cfg 2024/02/21 1.10 listings configuration
))
Package: listings 2024/02/21 1.10 (Carsten Heinz)

(c:/texlive/2024/texmf-dist/tex/generic/pgf/frontendlayer/tikz/libraries/tikzli
brarycalc.code.tex
File: tikzlibrarycalc.code.tex 2023-01-15 v3.1.10 (3.1.10)
) (c:/texlive/2024/texmf-dist/tex/latex/svg/svg.sty
Package: svg 2020/11/26 v2.02k (include SVG pictures)

(c:/texlive/2024/texmf-dist/tex/latex/koma-script/scrbase.sty
Package: scrbase 2023/07/07 v3.41 KOMA-Script package (KOMA-Script-independent 
basics and keyval usage)

(c:/texlive/2024/texmf-dist/tex/latex/koma-script/scrlfile.sty
Package: scrlfile 2023/07/07 v3.41 KOMA-Script package (file load hooks)

(c:/texlive/2024/texmf-dist/tex/latex/koma-script/scrlfile-hook.sty
Package: scrlfile-hook 2023/07/07 v3.41 KOMA-Script package (using LaTeX hooks)


(c:/texlive/2024/texmf-dist/tex/latex/koma-script/scrlogo.sty
Package: scrlogo 2023/07/07 v3.41 KOMA-Script package (logo)
)))
Applying: [2021/05/01] Usage of raw or classic option list on input line 252.
Already applied: [0000/00/00] Usage of raw or classic option list on input line
 368.
)
(c:/texlive/2024/texmf-dist/tex/latex/trimspaces/trimspaces.sty
Package: trimspaces 2009/09/17 v1.1 Trim spaces around a token list
)
\c@svg@param@lastpage=\count384
\svg@box=\box97
\c@svg@param@currpage=\count385
)
(c:/texlive/2024/texmf-dist/tex/latex/transparent/transparent.sty
Package: transparent 2022-10-27 v1.5 Transparency with color stacks

(c:/texlive/2024/texmf-dist/tex/latex/transparent/transparent-nometadata.sty
Package: transparent-nometadata 2022-10-27 v1.5 Transparency via pdfTeX's color
 stack (HO)
))
(c:/texlive/2024/texmf-dist/tex/latex/makecell/makecell.sty
Package: makecell 2009/08/03 V0.1e Managing of Tab Column Heads and Cells
\rotheadsize=\dimen322
\c@nlinenum=\count386
\TeXr@lab=\toks49
)
(c:/texlive/2024/texmf-dist/tex/latex/ragged2e/ragged2e.sty
Package: ragged2e 2023/06/22 v3.6 ragged2e Package


LaTeX Warning: Command \@arrayparboxrestore  has changed.
               Check if current package is valid.

\CenteringLeftskip=\skip160
\RaggedLeftLeftskip=\skip161
\RaggedRightLeftskip=\skip162
\CenteringRightskip=\skip163
\RaggedLeftRightskip=\skip164
\RaggedRightRightskip=\skip165
\CenteringParfillskip=\skip166
\RaggedLeftParfillskip=\skip167
\RaggedRightParfillskip=\skip168
\JustifyingParfillskip=\skip169
\CenteringParindent=\skip170
\RaggedLeftParindent=\skip171
\RaggedRightParindent=\skip172
\JustifyingParindent=\skip173
) (c:/texlive/2024/texmf-dist/tex/latex/acro/acro.sty
(c:/texlive/2024/texmf-dist/tex/latex/l3packages/l3keys2e/l3keys2e.sty
Package: l3keys2e 2024-02-18 LaTeX2e option processing using LaTeX3 keys
)
Package: acro 2022/04/01 v3.8 typeset acronyms and other abbreviations (CN)
\l__acro_tmpa_int=\count387
\l__acro_tmpb_int=\count388
\l__acro_tmpc_int=\count389
\l__acro_tmpd_int=\count390
Loading module `base' ...
Loading module `interface' ...
Loading module `aux' ...
Loading module `properties' ...
Loading module `acronyms' ...
Loading module `formatting' ...
Loading module `ppfixes' ...
Loading module `tools' ...
\l__acro_minimal_usage_int=\count391
\l__acro_nest_int=\count392
\g_acro_barrier_int=\count393
\g_acro_barrier_total_int=\count394
Loading module `commands' ...
\l_acro_nest_level_int=\count395
Loading module `templates' ...
Loading module `list' ...
Loading module `pages' ...
\l__acro_pages_seq_threshold_int=\count396
Loading module `locale' ...

(c:/texlive/2024/texmf-dist/tex/latex/translations/translations.sty
Package: translations 2022/02/05 v1.12 internationalization of LaTeX2e packages
 (CN)
)
Loading module `pdfsupport' ...
Loading module `patch' ...
Loading module `definitions' ...
Loading module `upgrade' ...
)
(c:/texlive/2024/texmf-dist/tex/latex/gensymb/gensymb.sty
Package: gensymb 2022/10/17 v1.0.2 (KJH)
)
(c:/texlive/2024/texmf-dist/tex/latex/tools/multicol.sty
Package: multicol 2023/03/30 v1.9f multicolumn formatting (FMi)
\c@tracingmulticols=\count397
\mult@box=\box98
\multicol@leftmargin=\dimen323
\c@unbalance=\count398
\c@collectmore=\count399
\doublecol@number=\count400
\multicoltolerance=\count401
\multicolpretolerance=\count402
\full@width=\dimen324
\page@free=\dimen325
\premulticols=\dimen326
\postmulticols=\dimen327
\multicolsep=\skip174
\multicolbaselineskip=\skip175
\partial@page=\box99
\last@line=\box100
\mc@boxedresult=\box101
\maxbalancingoverflow=\dimen328
\mult@rightbox=\box102
\mult@grightbox=\box103
\mult@firstbox=\box104
\mult@gfirstbox=\box105
\@tempa=\box106
\@tempa=\box107
\@tempa=\box108
\@tempa=\box109
\@tempa=\box110
\@tempa=\box111
\@tempa=\box112
\@tempa=\box113
\@tempa=\box114
\@tempa=\box115
\@tempa=\box116
\@tempa=\box117
\@tempa=\box118
\@tempa=\box119
\@tempa=\box120
\@tempa=\box121
\@tempa=\box122
\@tempa=\box123
\@tempa=\box124
\@tempa=\box125
\@tempa=\box126
\@tempa=\box127
\@tempa=\box128
\@tempa=\box129
\@tempa=\box130
\@tempa=\box131
\@tempa=\box132
\@tempa=\box133
\@tempa=\box134
\@tempa=\box135
\@tempa=\box136
\@tempa=\box137
\@tempa=\box138
\@tempa=\box139
\@tempa=\box140
\@tempa=\box141
\c@minrows=\count403
\c@columnbadness=\count404
\c@finalcolumnbadness=\count405
\last@try=\dimen329
\multicolovershoot=\dimen330
\multicolundershoot=\dimen331
\mult@nat@firstbox=\box142
\colbreak@box=\box143
\mc@col@check@num=\count406
)
(c:/texlive/2024/texmf-dist/tex/latex/multirow/multirow.sty
Package: multirow 2021/03/15 v2.8 Span multiple rows of a table
\multirow@colwidth=\skip176
\multirow@cntb=\count407
\multirow@dima=\skip177
\bigstrutjot=\dimen332
)
(c:/texlive/2024/texmf-dist/tex/latex/siunitx/siunitx.sty
Package: siunitx 2024-02-15 v3.3.12 A comprehensive (SI) units package
\l__siunitx_number_uncert_offset_int=\count408
\l__siunitx_number_exponent_fixed_int=\count409
\l__siunitx_number_min_decimal_int=\count410
\l__siunitx_number_min_integer_int=\count411
\l__siunitx_number_round_precision_int=\count412
\l__siunitx_number_lower_threshold_int=\count413
\l__siunitx_number_upper_threshold_int=\count414
\l__siunitx_number_group_first_int=\count415
\l__siunitx_number_group_size_int=\count416
\l__siunitx_number_group_minimum_int=\count417
\l__siunitx_angle_tmp_dim=\dimen333
\l__siunitx_angle_marker_box=\box144
\l__siunitx_angle_unit_box=\box145
\l__siunitx_compound_count_int=\count418
\l__siunitx_table_tmp_box=\box146
\l__siunitx_table_tmp_dim=\dimen334
\l__siunitx_table_column_width_dim=\dimen335
\l__siunitx_table_integer_box=\box147
\l__siunitx_table_decimal_box=\box148
\l__siunitx_table_uncert_box=\box149
\l__siunitx_table_before_box=\box150
\l__siunitx_table_after_box=\box151
\l__siunitx_table_before_dim=\dimen336
\l__siunitx_table_carry_dim=\dimen337
\l__siunitx_unit_tmp_int=\count419
\l__siunitx_unit_position_int=\count420
\l__siunitx_unit_total_int=\count421
)
(c:/texlive/2024/texmf-dist/tex/latex/tools/tabularx.sty
Package: tabularx 2023/07/08 v2.11c `tabularx' package (DPC)
\TX@col@width=\dimen338
\TX@old@table=\dimen339
\TX@old@col=\dimen340
\TX@target=\dimen341
\TX@delta=\dimen342
\TX@cols=\count422
\TX@ftn=\toks50
)
(c:/texlive/2024/texmf-dist/tex/latex/enumitem/enumitem.sty
Package: enumitem 2019/06/20 v3.9 Customized lists
\labelindent=\skip178
\enit@outerparindent=\dimen343
\enit@toks=\toks51
\enit@inbox=\box152
\enit@count@id=\count423
\enitdp@description=\count424
)
(c:/texlive/2024/texmf-dist/tex/latex/adjustbox/adjustbox.sty
Package: adjustbox 2022/10/17 v1.3a Adjusting TeX boxes (trim, clip, ...)

(c:/texlive/2024/texmf-dist/tex/latex/xkeyval/xkeyval.sty
Package: xkeyval 2022/06/16 v2.9 package option processing (HA)

(c:/texlive/2024/texmf-dist/tex/generic/xkeyval/xkeyval.tex
(c:/texlive/2024/texmf-dist/tex/generic/xkeyval/xkvutils.tex
\XKV@toks=\toks52
\XKV@tempa@toks=\toks53
)
\XKV@depth=\count425
File: xkeyval.tex 2014/12/03 v2.7a key=value parser (HA)
))
(c:/texlive/2024/texmf-dist/tex/latex/adjustbox/adjcalc.sty
Package: adjcalc 2012/05/16 v1.1 Provides advanced setlength with multiple back
-ends (calc, etex, pgfmath)
)
(c:/texlive/2024/texmf-dist/tex/latex/adjustbox/trimclip.sty
Package: trimclip 2020/08/19 v1.2 Trim and clip general TeX material

(c:/texlive/2024/texmf-dist/tex/latex/collectbox/collectbox.sty
Package: collectbox 2022/10/17 v0.4c Collect macro arguments as boxes
\collectedbox=\box153
)
\tc@llx=\dimen344
\tc@lly=\dimen345
\tc@urx=\dimen346
\tc@ury=\dimen347
Package trimclip Info: Using driver 'tc-pdftex.def'.

(c:/texlive/2024/texmf-dist/tex/latex/adjustbox/tc-pdftex.def
File: tc-pdftex.def 2019/01/04 v2.2 Clipping driver for pdftex
))
\adjbox@Width=\dimen348
\adjbox@Height=\dimen349
\adjbox@Depth=\dimen350
\adjbox@Totalheight=\dimen351
\adjbox@pwidth=\dimen352
\adjbox@pheight=\dimen353
\adjbox@pdepth=\dimen354
\adjbox@ptotalheight=\dimen355

(c:/texlive/2024/texmf-dist/tex/latex/varwidth/varwidth.sty
Package: varwidth 2009/03/30 ver 0.92;  Variable-width minipages
\@vwid@box=\box154
\sift@deathcycles=\count426
\@vwid@loff=\dimen356
\@vwid@roff=\dimen357
))
(c:/texlive/2024/texmf-dist/tex/latex/mwe/mwe.sty
Package: mwe 2018/03/30 v0.5 Package to support minimal working examples (MWE)

(c:/texlive/2024/texmf-dist/tex/latex/lipsum/lipsum.sty
Package: lipsum 2021-09-20 v2.7 150 paragraphs of Lorem Ipsum dummy text
\g__lipsum_par_int=\count427
\l__lipsum_a_int=\count428
\l__lipsum_b_int=\count429

(c:/texlive/2024/texmf-dist/tex/latex/lipsum/lipsum.ltd.tex))
(c:/texlive/2024/texmf-dist/tex/latex/blindtext/blindtext.sty
Package: blindtext 2012/01/06 V2.0 blindtext-Package
\c@blindtext=\count430
\c@Blindtext=\count431
\c@blind@countparstart=\count432
\blind@countxx=\count433
\blindtext@numBlindtext=\count434
\blind@countyy=\count435
\c@blindlist=\count436
\c@blindlistlevel=\count437
\c@blindlist@level=\count438
\blind@listitem=\count439
\c@blind@listcount=\count440
\c@blind@levelcount=\count441
\blind@mathformula=\count442
\blind@Mathformula=\count443
\c@blind@randomcount=\count444
\c@blind@randommax=\count445
\c@blind@pangramcount=\count446
\c@blind@pangrammax=\count447
))
\c@memberrowno=\count448
Package hyperref Info: Option `colorlinks' set `true' on input line 50.

(c:/texlive/2024/texmf-dist/tex/latex/tools/afterpage.sty
Package: afterpage 2023/07/04 v1.08 After-Page Package (DPC)
\AP@output=\toks54
\AP@partial=\box155
\AP@footins=\box156
) (./acronyms.tex
\c@g@acro@cse@int=\count449
\c@g@acro@api@int=\count450
\c@g@acro@vgu@int=\count451
\c@g@acro@jwt@int=\count452
\c@g@acro@ui@int=\count453
\c@g@acro@rest@int=\count454
\c@g@acro@ai@int=\count455
\c@g@acro@sql@int=\count456
\c@g@acro@rdbms@int=\count457
\c@g@acro@url@int=\count458
\c@g@acro@ux@int=\count459
)
runsystem(for ^%i in (pygmentize.exe pygmentize.bat pygmentize.cmd) do set > re
port.aex <nul: /p x=^%~$PATH:i>> report.aex)...executed.

runsystem(del report.aex)...executed.


(./report.aux (./chapters/declarations.aux) (./chapters/acknowledgments.aux)
(./chapters/abstract.aux) (./chapters/1_introduction.aux)
(./chapters/2_literature_review.aux) (./chapters/3_system_design.aux)
(./chapters/4_system_implementation.aux) (./chapters/5_user_manual.aux)
(./chapters/6_conclusion.aux))
\openout1 = `report.aux'.

LaTeX Font Info:    Checking defaults for OML/cmm/m/it on input line 143.
LaTeX Font Info:    ... okay on input line 143.
LaTeX Font Info:    Checking defaults for OMS/cmsy/m/n on input line 143.
LaTeX Font Info:    ... okay on input line 143.
LaTeX Font Info:    Checking defaults for OT1/cmr/m/n on input line 143.
LaTeX Font Info:    ... okay on input line 143.
LaTeX Font Info:    Checking defaults for T1/cmr/m/n on input line 143.
LaTeX Font Info:    ... okay on input line 143.
LaTeX Font Info:    Checking defaults for TS1/cmr/m/n on input line 143.
LaTeX Font Info:    ... okay on input line 143.
LaTeX Font Info:    Checking defaults for OMX/cmex/m/n on input line 143.
LaTeX Font Info:    ... okay on input line 143.
LaTeX Font Info:    Checking defaults for U/cmr/m/n on input line 143.
LaTeX Font Info:    ... okay on input line 143.
LaTeX Font Info:    Checking defaults for T5/cmr/m/n on input line 143.
LaTeX Font Info:    ... okay on input line 143.
LaTeX Font Info:    Checking defaults for PD1/pdf/m/n on input line 143.
LaTeX Font Info:    ... okay on input line 143.
LaTeX Font Info:    Checking defaults for PU/pdf/m/n on input line 143.
LaTeX Font Info:    ... okay on input line 143.

*geometry* driver: auto-detecting
*geometry* detected driver: pdftex
*geometry* verbose mode - [ preamble ] result:
* driver: pdftex
* paper: a4paper
* layout: <same size as paper>
* layoutoffset:(h,v)=(0.0pt,0.0pt)
* modes: includehead includefoot 
* h-part:(L,W,R)=(56.9055pt, 483.69687pt, 56.9055pt)
* v-part:(T,H,B)=(85.35826pt, 674.33032pt, 85.35826pt)
* \paperwidth=597.50787pt
* \paperheight=845.04684pt
* \textwidth=483.69687pt
* \textheight=589.33032pt
* \oddsidemargin=-15.36449pt
* \evensidemargin=-15.36449pt
* \topmargin=13.08827pt
* \headheight=30.0pt
* \headsep=25.0pt
* \topskip=12.0pt
* \footskip=30.0pt
* \marginparwidth=35.0pt
* \marginparsep=10.0pt
* \columnsep=10.0pt
* \skip\footins=10.8pt plus 4.0pt minus 2.0pt
* \hoffset=0.0pt
* \voffset=0.0pt
* \mag=1000
* \@twocolumnfalse
* \@twosidefalse
* \@mparswitchfalse
* \@reversemarginfalse
* (1in=72.27pt=25.4mm, 1cm=28.453pt)

(c:/texlive/2024/texmf-dist/tex/context/base/mkii/supp-pdf.mkii
[Loading MPS to PDF converter (version 2006.09.02).]
\scratchcounter=\count460
\scratchdimen=\dimen358
\scratchbox=\box157
\nofMPsegments=\count461
\nofMParguments=\count462
\everyMPshowfont=\toks55
\MPscratchCnt=\count463
\MPscratchDim=\dimen359
\MPnumerator=\count464
\makeMPintoPDFobject=\count465
\everyMPtoPDFconversion=\toks56
) (c:/texlive/2024/texmf-dist/tex/latex/epstopdf-pkg/epstopdf-base.sty
Package: epstopdf-base 2020-01-24 v2.11 Base part for package epstopdf
Package epstopdf-base Info: Redefining graphics rule for `.eps' on input line 4
85.

(c:/texlive/2024/texmf-dist/tex/latex/latexconfig/epstopdf-sys.cfg
File: epstopdf-sys.cfg 2010/07/13 v1.3 Configuration of (r)epstopdf for TeX Liv
e
))
Package hyperref Info: Link coloring ON on input line 143.

(./report.out) (./report.out)
\@outlinefile=\write6
\openout6 = `report.out'.

Package caption Info: Begin \AtBeginDocument code.
Package caption Info: listings package is loaded.
Package caption Info: longtable package is loaded.

(c:/texlive/2024/texmf-dist/tex/latex/caption/ltcaption.sty
Package: ltcaption 2021/01/08 v1.4c longtable captions (AR)
)
Package caption Info: wrapfig package is loaded.
Package caption Info: End \AtBeginDocument code.
\c@lstlisting=\count466

(c:/texlive/2024/texmf-dist/tex/latex/translations/translations-basic-dictionar
y-english.trsl
File: translations-basic-dictionary-english.trsl (english translation file `tra
nslations-basic-dictionary')
)
Package translations Info: loading dictionary `translations-basic-dictionary' f
or `english'. on input line 143.
\symgns@font=\mathgroup6
LaTeX Font Info:    Overwriting symbol font `gns@font' in version `bold'
(Font)                  TS1/cmr/m/n --> TS1/cmr/b/n on input line 143.
Package gensymb Info: Math companion symbols declared on input line 143.
LaTeX Info: Redefining \degree on input line 143.
LaTeX Info: Redefining \celsius on input line 143.
Package gensymb Info: Using text companion symbols for \degree, \celsius and \p
erthousand on input line 143.
LaTeX Info: Redefining \ohm on input line 143.
Package gensymb Info: Using \textohm for \ohm on input line 143.
Package gensymb Info: Using \textmu for \micro on input line 143.
<graphics/frauaslogo.png, id=380, 546.04pt x 228.855pt>
File: graphics/frauaslogo.png Graphic file (type png)
<use graphics/frauaslogo.png>
Package pdftex.def Info: graphics/frauaslogo.png  used on input line 160.
(pdftex.def)             Requested size: 136.50966pt x 57.21361pt.
<graphics/vguLogo2Center.png, id=381, 376.40625pt x 132.495pt>
File: graphics/vguLogo2Center.png Graphic file (type png)
<use graphics/vguLogo2Center.png>
Package pdftex.def Info: graphics/vguLogo2Center.png  used on input line 162.
(pdftex.def)             Requested size: 150.55983pt x 52.99706pt.
 [1

{c:/texlive/2024/texmf-var/fonts/map/pdftex/updmap/pdftex.map} <./graphics/frau
aslogo.png> <./graphics/vguLogo2Center.png>]
\openout2 = `chapters/declarations.aux'.


(./chapters/declarations.tex
Overfull \hbox (1.91116pt too wide) in paragraph at lines 5--6
[]\T5/cmr/m/n/12 I hereby de-clare that the re-search pre-sented in this the-si
s, car-ried out at both the Vietnamese-
 []

LaTeX Font Info:    Trying to load font information for U+msa on input line 10.

(c:/texlive/2024/texmf-dist/tex/latex/amsfonts/umsa.fd
File: umsa.fd 2013/01/14 v3.01 AMS symbols A
)
LaTeX Font Info:    Trying to load font information for U+msb on input line 10.


(c:/texlive/2024/texmf-dist/tex/latex/amsfonts/umsb.fd
File: umsb.fd 2013/01/14 v3.01 AMS symbols B
))
LaTeX Font Info:    Trying to load font information for T5+cmtt on input line 2
13.

(c:/texlive/2024/texmf-dist/tex/latex/vntex/t5cmtt.fd
File: t5cmtt.fd 1999/05/25 v2.5h Standard LaTeX font definitions
)
LaTeX Font Info:    Font shape `T5/cmtt/bx/n' in size <12> not available
(Font)              Font shape `T5/cmtt/m/n' tried instead on input line 213.
LaTeX Font Info:    Font shape `T5/cmtt/bx/n' in size <10> not available
(Font)              Font shape `T5/cmtt/m/n' tried instead on input line 213.

pdfTeX warning (ext4): destination with the same identifier (name{page.1}) has 
been already used, duplicate ignored
<to be read again> 
                   \relax 
l.213 \include{chapters/declarations}
                                      [1

]
\openout2 = `chapters/acknowledgments.aux'.

 (./chapters/acknowledgments.tex)
Underfull \hbox (badness 10000) in paragraph at lines 12--214

 []


Underfull \hbox (badness 10000) in paragraph at lines 12--214

 []


Underfull \hbox (badness 10000) in paragraph at lines 12--214

 []


Underfull \hbox (badness 10000) in paragraph at lines 12--214

 []

[2



]
\openout2 = `chapters/abstract.aux'.

 (./chapters/abstract.tex)
Underfull \hbox (badness 10000) in paragraph at lines 3--215

 []


Underfull \hbox (badness 10000) in paragraph at lines 3--215

 []


Underfull \hbox (badness 10000) in paragraph at lines 3--215

 []


Underfull \hbox (badness 10000) in paragraph at lines 3--215

 []

[3



] (./report.toc [4


] [5])
\tf@toc=\write7
\openout7 = `report.toc'.

 [6] [7] (./report.lof [8])
\tf@lof=\write8
\openout8 = `report.lof'.

 [9] (./report.lot)
\tf@lot=\write9
\openout9 = `report.lot'.


[10] (./report.lol)
\tf@lol=\write10
\openout10 = `report.lol'.

 [11]
\openout2 = `chapters/1_introduction.aux'.

 (./chapters/1_introduction.tex
Underfull \hbox (badness 10000) in paragraph at lines 5--7

 []


Underfull \hbox (badness 10000) in paragraph at lines 5--7

 []


Underfull \hbox (badness 10000) in paragraph at lines 8--10

 []

[12

]
Overfull \hbox (5.2831pt too wide) in alignment at lines 21--40
 [] [] 
 []

[13]
Overfull \hbox (5.2831pt too wide) in alignment at lines 46--59
 [] [] 
 []

[14]) [15{c:/texlive/2024/texmf-dist/fonts/enc/dvips/cm-super/cm-super-ts1.enc}
]
\openout2 = `chapters/2_literature_review.aux'.

 (./chapters/2_literature_review.tex
Overfull \hbox (33.02196pt too wide) in alignment at lines 22--25
 [] [] [] 
 []


Overfull \hbox (33.02196pt too wide) in alignment at lines 25--45
 [] [] [] 
 []

[16



]
<graphics/React_Logo_SVG.png, id=761, 16.5605pt x 15.26878pt>
File: graphics/React_Logo_SVG.png Graphic file (type png)
<use graphics/React_Logo_SVG.png>
Package pdftex.def Info: graphics/React_Logo_SVG.png  used on input line 70.
(pdftex.def)             Requested size: 72.55525pt x 66.91908pt.

Overfull \hbox (5.43848pt too wide) in paragraph at lines 67--79
[][] 
 []

[17]
Package hyperref Info: bookmark level for unknown lstlisting defaults to 0 on i
nput line 82.
<graphics/material-ui-480.png, id=769, 481.8pt x 481.8pt>
File: graphics/material-ui-480.png Graphic file (type png)
<use graphics/material-ui-480.png>
Package pdftex.def Info: graphics/material-ui-480.png  used on input line 114.
(pdftex.def)             Requested size: 60.4621pt x 60.4601pt.

Overfull \hbox (5.43848pt too wide) in paragraph at lines 107--120
[][] 
 []

<graphics/vite.png, id=770, 3011.25pt x 3023.295pt>
File: graphics/vite.png Graphic file (type png)
<use graphics/vite.png>
Package pdftex.def Info: graphics/vite.png  used on input line 127.
(pdftex.def)             Requested size: 54.41551pt x 54.61993pt.

Overfull \hbox (5.43848pt too wide) in paragraph at lines 124--137
[][]
 []

[18 <./graphics/React_Logo_SVG.png>]
<graphics/nodejs.png, id=803, 411.136pt x 411.136pt>
File: graphics/nodejs.png Graphic file (type png)
<use graphics/nodejs.png>
Package pdftex.def Info: graphics/nodejs.png  used on input line 145.
(pdftex.def)             Requested size: 60.4621pt x 60.45695pt.

Overfull \hbox (5.43848pt too wide) in paragraph at lines 142--154
[][] 
 []

<graphics/expressjs.png, id=804, 466.74374pt x 141.52875pt>
File: graphics/expressjs.png Graphic file (type png)
<use graphics/expressjs.png>
Package pdftex.def Info: graphics/expressjs.png  used on input line 164.
(pdftex.def)             Requested size: 96.73973pt x 29.33319pt.

Overfull \hbox (5.43848pt too wide) in paragraph at lines 157--170
[][] 
 []

<graphics/socket-io.512x512.png, id=805, 513.92pt x 513.92pt>
File: graphics/socket-io.512x512.png Graphic file (type png)
<use graphics/socket-io.512x512.png>
Package pdftex.def Info: graphics/socket-io.512x512.png  used on input line 175
.
(pdftex.def)             Requested size: 54.41551pt x 54.4141pt.

Overfull \hbox (5.43848pt too wide) in paragraph at lines 172--184
[][] 
 []

<graphics/jwt-logo.png, id=807, 300.12125pt x 301.125pt>
File: graphics/jwt-logo.png Graphic file (type png)
<use graphics/jwt-logo.png>
Package pdftex.def Info: graphics/jwt-logo.png  used on input line 191.
(pdftex.def)             Requested size: 60.4621pt x 60.66043pt.

Overfull \hbox (5.43848pt too wide) in paragraph at lines 188--200
[][] 
 []



pdfTeX warning: pdflatex.exe (file ./graphics/jwt-explained.pdf): PDF inclusion
: found PDF version <1.7>, but at most version <1.5> allowed
<graphics/jwt-explained.pdf, id=808, 442.53331pt x 209.8239pt>
File: graphics/jwt-explained.pdf Graphic file (type pdf)
<use graphics/jwt-explained.pdf>
Package pdftex.def Info: graphics/jwt-explained.pdf  used on input line 203.
(pdftex.def)             Requested size: 532.0695pt x 252.29327pt.

Overfull \hbox (48.37263pt too wide) in paragraph at lines 203--204
 [][] 
 []

[19 <./graphics/material-ui-480.png> <./graphics/vite.png> <./graphics/nodejs.p
ng> <./graphics/expressjs.png> <./graphics/socket-io.512x512.png>]
<graphics/redis.png, id=823, 598.235pt x 513.92pt>
File: graphics/redis.png Graphic file (type png)
<use graphics/redis.png>
Package pdftex.def Info: graphics/redis.png  used on input line 213.
(pdftex.def)             Requested size: 60.4621pt x 51.93608pt.

Overfull \hbox (5.43848pt too wide) in paragraph at lines 210--222
[][] 
 []

<graphics/postgresql.png, id=824, 852.18375pt x 832.10875pt>
File: graphics/postgresql.png Graphic file (type png)
<use graphics/postgresql.png>
Package pdftex.def Info: graphics/postgresql.png  used on input line 229.
(pdftex.def)             Requested size: 85.22336pt x 83.21574pt.
[20 <./graphics/jwt-logo.png> <./graphics/jwt-explained.pdf> <./graphics/redis.
png>] [21 <./graphics/postgresql.png>] [22]) [23]
\openout2 = `chapters/3_system_design.aux'.


(./chapters/3_system_design.tex
Overfull \hbox (1.15147pt too wide) in paragraph at lines 12--12
[]|\T5/cmr/bx/n/12 Priority|  
 []


Overfull \hbox (2.82034pt too wide) in paragraph at lines 12--12
[]|\T5/cmr/bx/n/12 Category|  
 []

[24



]
Overfull \hbox (19.50948pt too wide) in alignment at lines 39--42
 [] [] 
 []


Overfull \hbox (19.50948pt too wide) in alignment at lines 42--90
 [] [] 
 []

[25] [26]

Package array Warning: Column L is already defined on input line 97.


Overfull \hbox (3.07495pt too wide) in paragraph at lines 103--103
[]|\T5/cmr/bx/n/12 No|  
 []


Overfull \hbox (4.91199pt too wide) in paragraph at lines 103--103
[]|\T5/cmr/bx/n/12 Requirement|  
 []


Overfull \hbox (3.99693pt too wide) in paragraph at lines 103--103
[]|\T5/cmr/bx/n/12 Priority|  
 []


Overfull \hbox (5.6658pt too wide) in paragraph at lines 103--103
[]|\T5/cmr/bx/n/12 Category|  
 []


Overfull \hbox (1.49513pt too wide) in paragraph at lines 103--103
[]|\T5/cmr/bx/n/12 Functioning|  
 []


Overfull \hbox (34.96576pt too wide) in alignment at lines 101--104
 [] [] [] [] [] [] 
 []


Overfull \hbox (34.96576pt too wide) in alignment at lines 104--121
 [] [] [] [] [] [] 
 []

[27] [28]

pdfTeX warning: pdflatex.exe (file ./graphics/student use case.pdf): PDF inclus
ion: found PDF version <1.7>, but at most version <1.5> allowed
<graphics/student use case.pdf, id=883, 460.6008pt x 460.6008pt>
File: graphics/student use case.pdf Graphic file (type pdf)
<use graphics/student use case.pdf>
Package pdftex.def Info: graphics/student use case.pdf  used on input line 128.

(pdftex.def)             Requested size: 396.63496pt x 396.63608pt.


pdfTeX warning: pdflatex.exe (file ./graphics/staff use case.pdf): PDF inclusio
n: found PDF version <1.7>, but at most version <1.5> allowed
<graphics/staff use case.pdf, id=884, 475.7775pt x 460.6008pt>
File: graphics/staff use case.pdf Graphic file (type pdf)
<use graphics/staff use case.pdf>
Package pdftex.def Info: graphics/staff use case.pdf  used on input line 137.
(pdftex.def)             Requested size: 435.32422pt x 421.45966pt.
[29 <./graphics/student use case.pdf>]

pdfTeX warning: pdflatex.exe (file ./graphics/admin-use-case.pdf): PDF inclusio
n: found PDF version <1.7>, but at most version <1.5> allowed
<graphics/admin-use-case.pdf, id=899, 491.91779pt x 681.50606pt>
File: graphics/admin-use-case.pdf Graphic file (type pdf)
<use graphics/admin-use-case.pdf>
Package pdftex.def Info: graphics/admin-use-case.pdf  used on input line 146.
(pdftex.def)             Requested size: 406.30359pt x 562.90457pt.
[30 <./graphics/staff use case.pdf>]

pdfTeX warning: pdflatex.exe (file ./graphics/sys-workflow.pdf): PDF inclusion:
 found PDF version <1.7>, but at most version <1.5> allowed
<graphics/sys-workflow.pdf, id=915, 569.24669pt x 566.115pt>
File: graphics/sys-workflow.pdf Graphic file (type pdf)
<use graphics/sys-workflow.pdf>
Package pdftex.def Info: graphics/sys-workflow.pdf  used on input line 158.
(pdftex.def)             Requested size: 483.69687pt x 481.05318pt.
[31 <./graphics/admin-use-case.pdf>]
<graphics/er-diagram-v2.pdf, id=931, 1418.10037pt x 759.92268pt>
File: graphics/er-diagram-v2.pdf Graphic file (type pdf)
<use graphics/er-diagram-v2.pdf>
Package pdftex.def Info: graphics/er-diagram-v2.pdf  used on input line 168.
(pdftex.def)             Requested size: 483.69687pt x 259.19357pt.
 [32 <./graphics/sys-workflow.pdf>]
Overfull \hbox (2.64333pt too wide) in paragraph at lines 182--182
[]|\T5/cmr/bx/n/12 Constraints|  
 []


Overfull \hbox (33.94716pt too wide) in alignment at lines 180--183
 [] [] [] [] [] 
 []


Overfull \hbox (2.42125pt too wide) in paragraph at lines 185--185
[]|\T5/cmr/m/n/12 Primary|  
 []


Overfull \hbox (33.94716pt too wide) in alignment at lines 183--204
 [] [] [] [] [] 
 []

[33 <./graphics/er-diagram-v2.pdf>]
Overfull \hbox (2.64333pt too wide) in paragraph at lines 216--216
[]|\T5/cmr/bx/n/12 Constraints|  
 []


Overfull \hbox (33.94717pt too wide) in alignment at lines 214--217
 [] [] [] [] [] 
 []


Overfull \hbox (2.42125pt too wide) in paragraph at lines 219--219
[]|\T5/cmr/m/n/12 Primary|  
 []


Overfull \hbox (1.06174pt too wide) in paragraph at lines 223--223
[]|\T5/cmr/m/n/12 audience_type_id|  
 []


Overfull \hbox (33.94717pt too wide) in alignment at lines 217--232
 [] [] [] [] [] 
 []

[34]
Overfull \hbox (2.64333pt too wide) in paragraph at lines 239--239
[]|\T5/cmr/bx/n/12 Constraints|  
 []


Overfull \hbox (33.94717pt too wide) in alignment at lines 237--240
 [] [] [] [] [] 
 []


Overfull \hbox (2.42125pt too wide) in paragraph at lines 242--242
[]|\T5/cmr/m/n/12 Primary|  
 []


Overfull \hbox (2.42125pt too wide) in paragraph at lines 244--244
[]|\T5/cmr/m/n/12 Primary|  
 []


Overfull \hbox (33.94717pt too wide) in alignment at lines 240--249
 [] [] [] [] [] 
 []

[35]
Overfull \hbox (2.64333pt too wide) in paragraph at lines 259--259
[]|\T5/cmr/bx/n/12 Constraints|  
 []


Overfull \hbox (33.94717pt too wide) in alignment at lines 257--260
 [] [] [] [] [] 
 []


Overfull \hbox (2.42125pt too wide) in paragraph at lines 262--262
[]|\T5/cmr/m/n/12 Primary|  
 []


Overfull \hbox (2.69328pt too wide) in paragraph at lines 263--263
[]|\T5/cmr/m/n/12 ticket_type_name|  
 []


Overfull \hbox (33.94717pt too wide) in alignment at lines 260--270
 [] [] [] [] [] 
 []


Overfull \hbox (2.64333pt too wide) in paragraph at lines 291--291
[]|\T5/cmr/bx/n/12 Constraints|  
 []


Overfull \hbox (33.94717pt too wide) in alignment at lines 289--292
 [] [] [] [] [] 
 []


Overfull \hbox (2.42125pt too wide) in paragraph at lines 294--294
[]|\T5/cmr/m/n/12 Primary|  
 []


Overfull \hbox (33.94717pt too wide) in alignment at lines 292--300
 [] [] [] [] [] 
 []

[36]
Overfull \hbox (2.64333pt too wide) in paragraph at lines 323--323
[]|\T5/cmr/bx/n/12 Constraints|  
 []


Overfull \hbox (33.94716pt too wide) in alignment at lines 321--324
 [] [] [] [] [] 
 []


Overfull \hbox (2.42125pt too wide) in paragraph at lines 326--326
[]|\T5/cmr/m/n/12 Primary|  
 []


Overfull \hbox (4.4561pt too wide) in paragraph at lines 327--327
[]|\T5/cmr/m/n/12 audience_type_name|  
 []


Overfull \hbox (33.94716pt too wide) in alignment at lines 324--332
 [] [] [] [] [] 
 []


Overfull \hbox (2.64333pt too wide) in paragraph at lines 353--353
[]|\T5/cmr/bx/n/12 Constraints|  
 []


Overfull \hbox (22.56624pt too wide) in alignment at lines 351--354
 [] [] [] [] [] 
 []


Overfull \hbox (2.42125pt too wide) in paragraph at lines 356--356
[]|\T5/cmr/m/n/12 Primary|  
 []


Overfull \hbox (0.73549pt too wide) in paragraph at lines 358--358
[]|\T5/cmr/m/n/12 attachment_name|  
 []


Overfull \hbox (22.56624pt too wide) in alignment at lines 354--365
 [] [] [] [] [] 
 []

[37]
Overfull \hbox (2.64333pt too wide) in paragraph at lines 390--390
[]|\T5/cmr/bx/n/12 Constraints|  
 []


Overfull \hbox (11.18488pt too wide) in alignment at lines 388--391
 [] [] [] [] [] 
 []


Overfull \hbox (2.42125pt too wide) in paragraph at lines 393--393
[]|\T5/cmr/m/n/12 Primary|  
 []


Overfull \hbox (11.18488pt too wide) in alignment at lines 391--401
 [] [] [] [] [] 
 []


Overfull \hbox (2.64333pt too wide) in paragraph at lines 425--425
[]|\T5/cmr/bx/n/12 Constraints|  
 []


Overfull \hbox (11.18488pt too wide) in alignment at lines 423--426
 [] [] [] [] [] 
 []


Overfull \hbox (2.42125pt too wide) in paragraph at lines 428--428
[]|\T5/cmr/m/n/12 Primary|  
 []


Overfull \hbox (11.18488pt too wide) in alignment at lines 426--438
 [] [] [] [] [] 
 []

[38]
Overfull \hbox (2.64333pt too wide) in paragraph at lines 465--465
[]|\T5/cmr/bx/n/12 Constraints|  
 []


Overfull \hbox (22.56581pt too wide) in alignment at lines 463--466
 [] [] [] [] [] 
 []


Overfull \hbox (2.42125pt too wide) in paragraph at lines 468--468
[]|\T5/cmr/m/n/12 Primary|  
 []


Overfull \hbox (1.21808pt too wide) in paragraph at lines 471--471
[]|\T5/cmr/m/n/12 message_details|  
 []


Overfull \hbox (22.56581pt too wide) in alignment at lines 466--477
 [] [] [] [] [] 
 []

[39]
Overfull \hbox (2.64333pt too wide) in paragraph at lines 505--505
[]|\T5/cmr/bx/n/12 Constraints|  
 []


Overfull \hbox (11.18488pt too wide) in alignment at lines 503--506
 [] [] [] [] [] 
 []


Overfull \hbox (2.42125pt too wide) in paragraph at lines 508--508
[]|\T5/cmr/m/n/12 Primary|  
 []


Overfull \hbox (11.18488pt too wide) in alignment at lines 506--515
 [] [] [] [] [] 
 []


Overfull \hbox (2.64333pt too wide) in paragraph at lines 539--539
[]|\T5/cmr/bx/n/12 Constraints|  
 []


Overfull \hbox (11.18488pt too wide) in alignment at lines 537--540
 [] [] [] [] [] 
 []


Overfull \hbox (2.42125pt too wide) in paragraph at lines 542--542
[]|\T5/cmr/m/n/12 Primary|  
 []


Overfull \hbox (11.18488pt too wide) in alignment at lines 540--551
 [] [] [] [] [] 
 []

[40]
Overfull \hbox (2.64333pt too wide) in paragraph at lines 577--577
[]|\T5/cmr/bx/n/12 Constraints|  
 []


Overfull \hbox (11.18488pt too wide) in alignment at lines 575--578
 [] [] [] [] [] 
 []


Overfull \hbox (2.42125pt too wide) in paragraph at lines 580--580
[]|\T5/cmr/m/n/12 Primary|  
 []


Overfull \hbox (11.18488pt too wide) in alignment at lines 578--589
 [] [] [] [] [] 
 []


Overfull \hbox (2.64333pt too wide) in paragraph at lines 615--615
[]|\T5/cmr/bx/n/12 Constraints|  
 []


Overfull \hbox (11.18488pt too wide) in alignment at lines 613--616
 [] [] [] [] [] 
 []


Overfull \hbox (2.42125pt too wide) in paragraph at lines 618--618
[]|\T5/cmr/m/n/12 Primary|  
 []


Overfull \hbox (11.18488pt too wide) in alignment at lines 616--624
 [] [] [] [] [] 
 []

[41]
Overfull \hbox (2.64333pt too wide) in paragraph at lines 635--635
[]|\T5/cmr/bx/n/12 Constraints|  
 []


Overfull \hbox (11.18486pt too wide) in alignment at lines 633--636
 [] [] [] [] [] 
 []


Overfull \hbox (2.42125pt too wide) in paragraph at lines 638--638
[]|\T5/cmr/m/n/12 Primary|  
 []


Overfull \hbox (0.51285pt too wide) in paragraph at lines 638--638
[]|\T5/cmr/m/n/12 notification_id|  
 []


Overfull \hbox (2.42125pt too wide) in paragraph at lines 639--639
[]|\T5/cmr/m/n/12 Primary|  
 []


Overfull \hbox (11.18486pt too wide) in alignment at lines 636--644
 [] [] [] [] [] 
 []


Overfull \hbox (2.64333pt too wide) in paragraph at lines 658--658
[]|\T5/cmr/bx/n/12 Constraints|  
 []


Overfull \hbox (11.18488pt too wide) in alignment at lines 656--659
 [] [] [] [] [] 
 []


Overfull \hbox (2.42125pt too wide) in paragraph at lines 661--661
[]|\T5/cmr/m/n/12 Primary|  
 []


Overfull \hbox (11.18488pt too wide) in alignment at lines 659--670
 [] [] [] [] [] 
 []

[42]
Overfull \hbox (2.64333pt too wide) in paragraph at lines 680--680
[]|\T5/cmr/bx/n/12 Constraints|  
 []


Overfull \hbox (14.03032pt too wide) in alignment at lines 678--681
 [] [] [] [] [] 
 []


Overfull \hbox (2.42125pt too wide) in paragraph at lines 683--683
[]|\T5/cmr/m/n/12 Primary|  
 []


Overfull \hbox (1.38809pt too wide) in paragraph at lines 684--684
[]|\T5/cmr/m/n/12 event_type_name|  
 []


Overfull \hbox (14.03032pt too wide) in alignment at lines 681--689
 [] [] [] [] [] 
 []

<graphics/3-tier-arch.pdf, id=1045, 1109.64563pt x 435.87843pt>
File: graphics/3-tier-arch.pdf Graphic file (type pdf)
<use graphics/3-tier-arch.pdf>
Package pdftex.def Info: graphics/3-tier-arch.pdf  used on input line 701.
(pdftex.def)             Requested size: 338.58632pt x 132.99925pt.
[43 <./graphics/3-tier-arch.pdf>]
Overfull \hbox (25.19995pt too wide) in alignment at lines 732--746
 [] [] 
 []


Underfull \hbox (badness 10000) in paragraph at lines 750--751

 []

[44] [45]
Overfull \hbox (3.64981pt too wide) in paragraph at lines 777--777
[]|\T5/cmr/bx/n/12 Method|  
 []


Overfull \hbox (28.25668pt too wide) in alignment at lines 775--778
 [] [] [] [] [] 
 []


Overfull \hbox (28.25668pt too wide) in alignment at lines 778--796
 [] [] [] [] [] 
 []

[46]
LaTeX Font Info:    Trying to load font information for TS1+cmtt on input line 
814.
 (c:/texlive/2024/texmf-dist/tex/latex/base/ts1cmtt.fd
File: ts1cmtt.fd 2023/04/13 v2.5m Standard LaTeX font definitions
) [47]
Overfull \hbox (0.80435pt too wide) in paragraph at lines 860--860
[]|\T5/cmr/bx/n/12 Method|  
 []


Overfull \hbox (28.2567pt too wide) in alignment at lines 858--861
 [] [] [] [] [] 
 []


Overfull \hbox (3.24823pt too wide) in paragraph at lines 880--880
[]|\T5/cmr/m/n/12 DELETE|  
 []


Overfull \hbox (28.2567pt too wide) in alignment at lines 861--887
 [] [] [] [] [] 
 []

[48]
Underfull \hbox (badness 10000) in paragraph at lines 889--892

 []


Underfull \hbox (badness 10000) in paragraph at lines 889--892

 []

[49]
Overfull \hbox (0.80435pt too wide) in paragraph at lines 930--930
[]|\T5/cmr/bx/n/12 Method|  
 []


Overfull \hbox (28.2567pt too wide) in alignment at lines 928--931
 [] [] [] [] [] 
 []


Overfull \hbox (1.05109pt too wide) in paragraph at lines 935--935
[]|\T5/cmr/m/n/12 /api/v1/tickets/{ticket_id}|  
 []


Overfull \hbox (3.24823pt too wide) in paragraph at lines 961--961
[]|\T5/cmr/m/n/12 DELETE|  
 []


Overfull \hbox (1.05109pt too wide) in paragraph at lines 961--961
[]|\T5/cmr/m/n/12 /api/v1/tickets/{ticket_id}|  
 []


Overfull \hbox (28.2567pt too wide) in alignment at lines 931--966
 [] [] [] [] [] 
 []

[50] [51]
Underfull \hbox (badness 10000) in paragraph at lines 970--974

 []


Underfull \hbox (badness 10000) in paragraph at lines 970--974

 []


Underfull \hbox (badness 10000) in paragraph at lines 970--974

 []

[52]
Overfull \hbox (0.80435pt too wide) in paragraph at lines 1005--1005
[]|\T5/cmr/bx/n/12 Method|  
 []


Overfull \hbox (28.2567pt too wide) in alignment at lines 1003--1006
 [] [] [] [] [] 
 []


Overfull \hbox (3.24823pt too wide) in paragraph at lines 1016--1016
[]|\T5/cmr/m/n/12 DELETE|  
 []


Overfull \hbox (28.2567pt too wide) in alignment at lines 1006--1024
 [] [] [] [] [] 
 []

[53]) [54]
\openout2 = `chapters/4_system_implementation.aux'.

 (./chapters/4_system_implementation.tex) [55



]
\openout2 = `chapters/5_user_manual.aux'.


(./chapters/5_user_manual.tex
<graphics/gui/user/landing.png, id=1218, 1018.40475pt x 531.78674pt>
File: graphics/gui/user/landing.png Graphic file (type png)
<use graphics/gui/user/landing.png>
Package pdftex.def Info: graphics/gui/user/landing.png  used on input line 6.
(pdftex.def)             Requested size: 483.69687pt x 252.57698pt.
<graphics/gui/user/login.png, id=1219, 372.79276pt x 451.6875pt>
File: graphics/gui/user/login.png Graphic file (type png)
<use graphics/gui/user/login.png>
Package pdftex.def Info: graphics/gui/user/login.png  used on input line 18.
(pdftex.def)             Requested size: 217.66211pt x 263.72954pt.
<graphics/gui/user/login-error.png, id=1220, 372.79276pt x 451.6875pt>
File: graphics/gui/user/login-error.png Graphic file (type png)
<use graphics/gui/user/login-error.png>
Package pdftex.def Info: graphics/gui/user/login-error.png  used on input line 
24.
(pdftex.def)             Requested size: 217.66211pt x 263.72954pt.
 [56



 <./graphics/gui/user/landing.png>]
<graphics/gui/user/reset-pass.png, id=1231, 374.5995pt x 267.399pt>
File: graphics/gui/user/reset-pass.png Graphic file (type png)
<use graphics/gui/user/reset-pass.png>
Package pdftex.def Info: graphics/gui/user/reset-pass.png  used on input line 4
6.
(pdftex.def)             Requested size: 338.58632pt x 241.69324pt.
 [57 <./graphics/gui/user/login.png> <./graphics/gui/user/login-error.png>]
<graphics/gui/user/reset-pass-success.png, id=1243, 252.945pt x 75.28125pt>
File: graphics/gui/user/reset-pass-success.png Graphic file (type png)
<use graphics/gui/user/reset-pass-success.png>
Package pdftex.def Info: graphics/gui/user/reset-pass-success.png  used on inpu
t line 59.
(pdftex.def)             Requested size: 217.66211pt x 64.78195pt.
<graphics/gui/user/reset-pass-failed.png, id=1244, 251.13824pt x 70.46326pt>
File: graphics/gui/user/reset-pass-failed.png Graphic file (type png)
<use graphics/gui/user/reset-pass-failed.png>
Package pdftex.def Info: graphics/gui/user/reset-pass-failed.png  used on input
 line 65.
(pdftex.def)             Requested size: 217.66211pt x 61.0735pt.
<graphics/gui/user/email-reset.png, id=1245, 513.71925pt x 570.933pt>
File: graphics/gui/user/email-reset.png Graphic file (type png)
<use graphics/gui/user/email-reset.png>
Package pdftex.def Info: graphics/gui/user/email-reset.png  used on input line 
74.
(pdftex.def)             Requested size: 386.95897pt x 430.08041pt.
 [58 <./graphics/gui/user/reset-pass.png> <./graphics/gui/user/reset-pass-succe
ss.png> <./graphics/gui/user/reset-pass-failed.png>]
<graphics/gui/student/homepage.png, id=1254, 1924.94156pt x 935.74594pt>
File: graphics/gui/student/homepage.png Graphic file (type png)
<use graphics/gui/student/homepage.png>
Package pdftex.def Info: graphics/gui/student/homepage.png  used on input line 
85.
(pdftex.def)             Requested size: 483.69687pt x 235.13528pt.
 [59 <./graphics/gui/user/email-reset.png>]
<graphics/gui/student/profile.png, id=1261, 1926.44719pt x 946.28531pt>
File: graphics/gui/student/profile.png Graphic file (type png)
<use graphics/gui/student/profile.png>
Package pdftex.def Info: graphics/gui/student/profile.png  used on input line 9
4.
(pdftex.def)             Requested size: 483.69687pt x 237.59592pt.
<graphics/gui/student/my-tickets.png, id=1262, 1926.44719pt x 949.29657pt>
File: graphics/gui/student/my-tickets.png Graphic file (type png)
<use graphics/gui/student/my-tickets.png>
Package pdftex.def Info: graphics/gui/student/my-tickets.png  used on input lin
e 103.
(pdftex.def)             Requested size: 483.69687pt x 238.35199pt.
 [60 <./graphics/gui/student/homepage.png> <./graphics/gui/student/profile.png>
]
<graphics/gui/student/create-ticket.png, id=1271, 1926.44719pt x 950.80219pt>
File: graphics/gui/student/create-ticket.png Graphic file (type png)
<use graphics/gui/student/create-ticket.png>
Package pdftex.def Info: graphics/gui/student/create-ticket.png  used on input 
line 112.
(pdftex.def)             Requested size: 483.69687pt x 238.73003pt.
 [61 <./graphics/gui/student/my-tickets.png>]
<graphics/gui/student/rate-ticket.png, id=1278, 1926.44719pt x 950.80219pt>
File: graphics/gui/student/rate-ticket.png Graphic file (type png)
<use graphics/gui/student/rate-ticket.png>
Package pdftex.def Info: graphics/gui/student/rate-ticket.png  used on input li
ne 121.
(pdftex.def)             Requested size: 483.69687pt x 238.73003pt.
 [62 <./graphics/gui/student/create-ticket.png>]
<graphics/gui/student/rate-ticket1.png, id=1285, 305.34074pt x 178.86826pt>
File: graphics/gui/student/rate-ticket1.png Graphic file (type png)
<use graphics/gui/student/rate-ticket1.png>
Package pdftex.def Info: graphics/gui/student/rate-ticket1.png  used on input l
ine 130.
(pdftex.def)             Requested size: 241.84843pt x 141.67828pt.
<graphics/gui/student/msg.png, id=1286, 946.28531pt x 881.54344pt>
File: graphics/gui/student/msg.png Graphic file (type png)
<use graphics/gui/student/msg.png>
Package pdftex.def Info: graphics/gui/student/msg.png  used on input line 140.
(pdftex.def)             Requested size: 483.69687pt x 450.6035pt.
 [63 <./graphics/gui/student/rate-ticket.png> <./graphics/gui/student/rate-tick
et1.png>]
<graphics/gui/student/newsfeed.png, id=1294, 1926.44719pt x 944.02687pt>
File: graphics/gui/student/newsfeed.png Graphic file (type png)
<use graphics/gui/student/newsfeed.png>
Package pdftex.def Info: graphics/gui/student/newsfeed.png  used on input line 
150.
(pdftex.def)             Requested size: 483.69687pt x 237.02887pt.
 [64 <./graphics/gui/student/msg.png>]
<graphics/gui/student/noti.png, id=1301, 1315.16344pt x 860.46469pt>
File: graphics/gui/student/noti.png Graphic file (type png)
<use graphics/gui/student/noti.png>
Package pdftex.def Info: graphics/gui/student/noti.png  used on input line 160.

(pdftex.def)             Requested size: 483.69687pt x 316.46317pt.
 [65 <./graphics/gui/student/newsfeed.png>]
<graphics/gui/student/announcement.png, id=1308, 1139.00531pt x 882.29625pt>
File: graphics/gui/student/announcement.png Graphic file (type png)
<use graphics/gui/student/announcement.png>
Package pdftex.def Info: graphics/gui/student/announcement.png  used on input l
ine 170.
(pdftex.def)             Requested size: 483.69687pt x 374.6815pt.
 [66 <./graphics/gui/student/noti.png>]
<graphics/gui/student/sett-edit-profile.png, id=1316, 1130.72438pt x 855.94781p
t>
File: graphics/gui/student/sett-edit-profile.png Graphic file (type png)
<use graphics/gui/student/sett-edit-profile.png>
Package pdftex.def Info: graphics/gui/student/sett-edit-profile.png  used on in
put line 179.
(pdftex.def)             Requested size: 483.69687pt x 366.14352pt.
 [67 <./graphics/gui/student/announcement.png>]
<graphics/gui/student/sett-password.png, id=1323, 1135.99406pt x 881.54344pt>
File: graphics/gui/student/sett-password.png Graphic file (type png)
<use graphics/gui/student/sett-password.png>
Package pdftex.def Info: graphics/gui/student/sett-password.png  used on input 
line 187.
(pdftex.def)             Requested size: 483.69687pt x 375.3572pt.
 [68 <./graphics/gui/student/sett-edit-profile.png>]
<graphics/gui/student/feedback.png, id=1330, 1068.99374pt x 852.18375pt>
File: graphics/gui/student/feedback.png Graphic file (type png)
<use graphics/gui/student/feedback.png>
Package pdftex.def Info: graphics/gui/student/feedback.png  used on input line 
196.
(pdftex.def)             Requested size: 483.69687pt x 385.59866pt.
 [69 <./graphics/gui/student/sett-password.png>]
<graphics/gui/staff/avail-ticket.png, id=1337, 1926.44719pt x 944.02687pt>
File: graphics/gui/staff/avail-ticket.png Graphic file (type png)
<use graphics/gui/staff/avail-ticket.png>
Package pdftex.def Info: graphics/gui/staff/avail-ticket.png  used on input lin
e 207.
(pdftex.def)             Requested size: 483.69687pt x 237.02887pt.
 [70 <./graphics/gui/student/feedback.png>]
<graphics/gui/staff/avail-ticket-handle.png, id=1344, 589.60275pt x 368.577pt>
File: graphics/gui/staff/avail-ticket-handle.png Graphic file (type png)
<use graphics/gui/staff/avail-ticket-handle.png>
Package pdftex.def Info: graphics/gui/staff/avail-ticket-handle.png  used on in
put line 214.
(pdftex.def)             Requested size: 386.95897pt x 241.90054pt.
 [71 <./graphics/gui/staff/avail-ticket.png>]
<graphics/gui/staff/avail-ticket-handle-success.png, id=1352, 307.90031pt x 74.
52844pt>
File: graphics/gui/staff/avail-ticket-handle-success.png Graphic file (type png
)
<use graphics/gui/staff/avail-ticket-handle-success.png>
Package pdftex.def Info: graphics/gui/staff/avail-ticket-handle-success.png  us
ed on input line 222.
(pdftex.def)             Requested size: 241.84843pt x 58.54132pt.
<graphics/gui/staff/ticket-handling.png, id=1353, 1926.44719pt x 946.28531pt>
File: graphics/gui/staff/ticket-handling.png Graphic file (type png)
<use graphics/gui/staff/ticket-handling.png>
Package pdftex.def Info: graphics/gui/staff/ticket-handling.png  used on input 
line 231.
(pdftex.def)             Requested size: 483.69687pt x 237.59592pt.
 [72 <./graphics/gui/staff/avail-ticket-handle.png> <./graphics/gui/staff/avail
-ticket-handle-success.png>]
<graphics/gui/staff/ticket-handling-done.png, id=1362, 618.51076pt x 382.42876p
t>
File: graphics/gui/staff/ticket-handling-done.png Graphic file (type png)
<use graphics/gui/staff/ticket-handling-done.png>
Package pdftex.def Info: graphics/gui/staff/ticket-handling-done.png  used on i
nput line 239.
(pdftex.def)             Requested size: 338.58632pt x 209.35028pt.
<graphics/gui/staff/ticket-handling-cancel.png, id=1363, 585.98924pt x 365.5657
5pt>
File: graphics/gui/staff/ticket-handling-cancel.png Graphic file (type png)
<use graphics/gui/staff/ticket-handling-cancel.png>
Package pdftex.def Info: graphics/gui/staff/ticket-handling-cancel.png  used on
 input line 246.
(pdftex.def)             Requested size: 338.58632pt x 211.2306pt.
 [73 <./graphics/gui/staff/ticket-handling.png> <./graphics/gui/staff/ticket-ha
ndling-done.png>]
<graphics/gui/staff/ticket-history.png, id=1371, 1926.44719pt x 942.52126pt>
File: graphics/gui/staff/ticket-history.png Graphic file (type png)
<use graphics/gui/staff/ticket-history.png>
Package pdftex.def Info: graphics/gui/staff/ticket-history.png  used on input l
ine 257.
(pdftex.def)             Requested size: 483.69687pt x 236.65083pt.
<graphics/gui/staff/message.png, id=1372, 988.44281pt x 881.54344pt>
File: graphics/gui/staff/message.png Graphic file (type png)
<use graphics/gui/staff/message.png>
Package pdftex.def Info: graphics/gui/staff/message.png  used on input line 266
.
(pdftex.def)             Requested size: 483.69687pt x 431.38167pt.
 [74 <./graphics/gui/staff/ticket-handling-cancel.png> <./graphics/gui/staff/ti
cket-history.png>]
<graphics/gui/staff/notification.png, id=1380, 1206.00563pt x 873.2625pt>
File: graphics/gui/staff/notification.png Graphic file (type png)
<use graphics/gui/staff/notification.png>
Package pdftex.def Info: graphics/gui/staff/notification.png  used on input lin
e 274.
(pdftex.def)             Requested size: 483.69687pt x 350.23155pt.
 [75 <./graphics/gui/staff/message.png>]
<graphics/gui/staff/notication-create.png, id=1387, 366.168pt x 464.937pt>
File: graphics/gui/staff/notication-create.png Graphic file (type png)
<use graphics/gui/staff/notication-create.png>
Package pdftex.def Info: graphics/gui/staff/notication-create.png  used on in
put line 282.
(pdftex.def)             Requested size: 241.84843pt x 307.08638pt.
 [76 <./graphics/gui/staff/notification.png>]
<graphics/gui/staff/announcement-create.png, id=1394, 453.94594pt x 511.15968pt
>
File: graphics/gui/staff/announcement-create.png Graphic file (type png)
<use graphics/gui/staff/announcement-create.png>
Package pdftex.def Info: graphics/gui/staff/announcement-create.png  used on in
put line 294.
(pdftex.def)             Requested size: 241.84843pt x 272.33287pt.
 [77 <./graphics/gui/staff/notication-create.png>]
<graphics/gui/admin/ticket-mng.png, id=1401, 1918.16624pt x 949.29657pt>
File: graphics/gui/admin/ticket-mng.png Graphic file (type png)
<use graphics/gui/admin/ticket-mng.png>
Package pdftex.def Info: graphics/gui/admin/ticket-mng.png  used on input line 
308.
(pdftex.def)             Requested size: 483.69687pt x 239.38043pt.
 [78 <./graphics/gui/staff/announcement-create.png>]
<graphics/gui/admin/user-mng.png, id=1409, 1924.94156pt x 947.03813pt>
File: graphics/gui/admin/user-mng.png Graphic file (type png)
<use graphics/gui/admin/user-mng.png>
Package pdftex.def Info: graphics/gui/admin/user-mng.png  used on input line 31
7.
(pdftex.def)             Requested size: 483.69687pt x 237.9728pt.
[79 <./graphics/gui/admin/ticket-mng.png>]
<graphics/gui/admin/dorm-mng.png, id=1416, 955.31906pt x 864.22874pt>
File: graphics/gui/admin/dorm-mng.png Graphic file (type png)
<use graphics/gui/admin/dorm-mng.png>
Package pdftex.def Info: graphics/gui/admin/dorm-mng.png  used on input line 32
5.
(pdftex.def)             Requested size: 483.69687pt x 437.57274pt.
 [80 <./graphics/gui/admin/user-mng.png>]
<graphics/gui/admin/logs-mng.png, id=1423, 1924.18875pt x 931.22906pt>
File: graphics/gui/admin/logs-mng.png Graphic file (type png)
<use graphics/gui/admin/logs-mng.png>
Package pdftex.def Info: graphics/gui/admin/logs-mng.png  used on input line 33
4.
(pdftex.def)             Requested size: 483.69687pt x 234.08554pt.
 [81 <./graphics/gui/admin/dorm-mng.png>]
<graphics/gui/admin/feedback-mng.png, id=1430, 1912.14375pt x 925.95938pt>
File: graphics/gui/admin/feedback-mng.png Graphic file (type png)
<use graphics/gui/admin/feedback-mng.png>
Package pdftex.def Info: graphics/gui/admin/feedback-mng.png  used on input lin
e 343.
(pdftex.def)             Requested size: 483.69687pt x 234.2303pt.
 [82 <./graphics/gui/admin/logs-mng.png>]
<graphics/gui/admin/report-util.png, id=1437, 1921.93031pt x 938.00438pt>
File: graphics/gui/admin/report-util.png Graphic file (type png)
<use graphics/gui/admin/report-util.png>
Package pdftex.def Info: graphics/gui/admin/report-util.png  used on input line
 358.
(pdftex.def)             Requested size: 483.69687pt x 236.06061pt.
 [83 <./graphics/gui/admin/feedback-mng.png>]) [84 <./graphics/gui/admin/report
-util.png>]
\openout2 = `chapters/6_conclusion.aux'.

 (./chapters/6_conclusion.tex) [85



] (./report.bbl) [86


]

enddocument/afterlastpage: lastpage setting LastPage.
(./report.aux (./chapters/declarations.aux) (./chapters/acknowledgments.aux)
(./chapters/abstract.aux) (./chapters/1_introduction.aux)
(./chapters/2_literature_review.aux) (./chapters/3_system_design.aux)
(./chapters/4_system_implementation.aux) (./chapters/5_user_manual.aux)
(./chapters/6_conclusion.aux))
 ***********
LaTeX2e <2023-11-01> patch level 1
L3 programming layer <2024-02-20>
 ***********
Package rerunfilecheck Info: File `report.out' has not changed.
(rerunfilecheck)             Checksum: 17F29BFC46AFE97F8E692D009B203F90;15039.
 ) 
Here is how much of TeX's memory you used:
 45588 strings out of 474116
 953086 string characters out of 5747717
 2112190 words of memory out of 5000000
 66818 multiletter control sequences out of 15000+600000
 579381 words of font info for 84 fonts, out of 8000000 for 9000
 1141 hyphenation exceptions out of 8191
 99i,20n,107p,1288b,2590s stack positions out of 10000i,1000n,20000p,200000b,200000s
<c:/texlive/2024/texmf-dist/fonts/type1/public/cm-super/sfrm1200.pfb><c:/texl
ive/2024/texmf-dist/fonts/type1/public/cm-super/sftt1000.pfb><c:/texlive/2024/t
exmf-dist/fonts/type1/vntex/vnr/vnbx12.pfb><c:/texlive/2024/texmf-dist/fonts/ty
pe1/vntex/vnr/vnr12.pfb><c:/texlive/2024/texmf-dist/fonts/type1/vntex/vnr/vnr6.
pfb><c:/texlive/2024/texmf-dist/fonts/type1/vntex/vnr/vnr8.pfb><c:/texlive/2024
/texmf-dist/fonts/type1/vntex/vnr/vntt10.pfb><c:/texlive/2024/texmf-dist/fonts/
type1/vntex/vnr/vntt12.pfb><c:/texlive/2024/texmf-dist/fonts/type1/vntex/vnr/vn
tt8.pfb>
Output written on report.pdf (87 pages, 4705915 bytes).
PDF statistics:
 1593 PDF objects out of 1728 (max. 8388607)
 1332 compressed objects within 14 object streams
 364 named destinations out of 1000 (max. 500000)
 1032 words of extra memory for PDF output out of 10000 (max. 10000000)

